[ 2018-03-03T14:57:06+08:00 ] 127.0.0.1 127.0.0.1 GET /kind/thinkphp/public/index
[ log ] 127.0.0.1/kind/thinkphp/public/index [运行时间：0.038289s][吞吐率：26.12req/s] [内存消耗：1,300.22kb] [文件加载：40]
[ info ] [ LANG ] D:\web\htdocs\kind\thinkphp\thinkphp\lang\zh-cn.php
[ info ] [ ROUTE ] array (
  'type' => 'module',
  'module' => 
  array (
    0 => 'index',
    1 => NULL,
    2 => NULL,
  ),
)
[ info ] [ HEADER ] array (
  'host' => '127.0.0.1',
  'connection' => 'keep-alive',
  'upgrade-insecure-requests' => '1',
  'user-agent' => 'Mozilla/5.0 (Windows NT 10.0; Win64; x64) AppleWebKit/537.36 (KHTML, like Gecko) Chrome/64.0.3282.119 Safari/537.36',
  'accept' => 'text/html,application/xhtml+xml,application/xml;q=0.9,image/webp,image/apng,*/*;q=0.8',
  'accept-encoding' => 'gzip, deflate, br',
  'accept-language' => 'zh-CN,zh;q=0.9',
)
[ info ] [ PARAM ] array (
)
[ info ] [ LOG ] INIT File

---------------------------------------------------------------
[ 2018-03-03T14:57:18+08:00 ] 127.0.0.1 127.0.0.1 GET /kind/thinkphp/public/student
[ log ] 127.0.0.1/kind/thinkphp/public/student [运行时间：0.020971s][吞吐率：47.68req/s] [内存消耗：1,299.97kb] [文件加载：40]
[ info ] [ LANG ] D:\web\htdocs\kind\thinkphp\thinkphp\lang\zh-cn.php
[ info ] [ ROUTE ] array (
  'type' => 'module',
  'module' => 
  array (
    0 => 'student',
    1 => NULL,
    2 => NULL,
  ),
)
[ info ] [ HEADER ] array (
  'host' => '127.0.0.1',
  'connection' => 'keep-alive',
  'upgrade-insecure-requests' => '1',
  'user-agent' => 'Mozilla/5.0 (Windows NT 10.0; Win64; x64) AppleWebKit/537.36 (KHTML, like Gecko) Chrome/64.0.3282.119 Safari/537.36',
  'accept' => 'text/html,application/xhtml+xml,application/xml;q=0.9,image/webp,image/apng,*/*;q=0.8',
  'accept-encoding' => 'gzip, deflate, br',
  'accept-language' => 'zh-CN,zh;q=0.9',
)
[ info ] [ PARAM ] array (
)
[ info ] [ LOG ] INIT File

---------------------------------------------------------------
[ 2018-03-03T14:57:41+08:00 ] 127.0.0.1 127.0.0.1 GET /kind/thinkphp/public/index/shuaige
[ log ] 127.0.0.1/kind/thinkphp/public/index/shuaige [运行时间：0.066979s][吞吐率：14.93req/s] [内存消耗：3,110.50kb] [文件加载：56]
[ info ] [ LANG ] D:\web\htdocs\kind\thinkphp\thinkphp\lang\zh-cn.php
[ info ] [ ROUTE ] array (
  'type' => 'module',
  'module' => 
  array (
    0 => 'index',
    1 => 'shuaige',
    2 => NULL,
  ),
)
[ info ] [ HEADER ] array (
  'host' => '127.0.0.1',
  'connection' => 'keep-alive',
  'upgrade-insecure-requests' => '1',
  'user-agent' => 'Mozilla/5.0 (Windows NT 10.0; Win64; x64) AppleWebKit/537.36 (KHTML, like Gecko) Chrome/64.0.3282.119 Safari/537.36',
  'accept' => 'text/html,application/xhtml+xml,application/xml;q=0.9,image/webp,image/apng,*/*;q=0.8',
  'accept-encoding' => 'gzip, deflate, br',
  'accept-language' => 'zh-CN,zh;q=0.9',
)
[ info ] [ PARAM ] array (
)
[ info ] [ DB ] INIT mysql
[ info ] [ SESSION ] INIT array (
  'id' => '',
  'var_session_id' => '',
  'prefix' => 'think',
  'type' => '',
  'auto_start' => true,
)
[ info ] [ RUN ] app\index\controller\shuaige->index[ D:\web\htdocs\kind\thinkphp\application\index\controller\Shuaige.php ]
[ info ] [ VIEW ] D:\web\htdocs\kind\thinkphp\public/../application/index\view\shuaige\index.html [ array (
) ]
[ info ] [ LOG ] INIT File
[ sql ] [ DB ] CONNECT:[ UseTime:0.011869s ] mysql:dbname=kind;host=127.0.0.1;port=3306;charset=utf8
[ sql ] [ SQL ] SHOW COLUMNS FROM `admin` [ RunTime:0.005928s ]
[ sql ] [ SQL ] SELECT * FROM `admin` WHERE  `username` = null  AND `password` = null [ RunTime:0.000582s ]

---------------------------------------------------------------
[ 2018-03-03T14:57:42+08:00 ] 127.0.0.1 127.0.0.1 GET /kind/thinkphp/public/index/readylogin/index.html
[ log ] 127.0.0.1/kind/thinkphp/public/index/readylogin/index.html [运行时间：0.023351s][吞吐率：42.82req/s] [内存消耗：1,539.13kb] [文件加载：45]
[ info ] [ LANG ] D:\web\htdocs\kind\thinkphp\thinkphp\lang\zh-cn.php
[ info ] [ ROUTE ] array (
  'type' => 'module',
  'module' => 
  array (
    0 => 'index',
    1 => 'readylogin',
    2 => 'index',
  ),
)
[ info ] [ HEADER ] array (
  'host' => '127.0.0.1',
  'connection' => 'keep-alive',
  'upgrade-insecure-requests' => '1',
  'user-agent' => 'Mozilla/5.0 (Windows NT 10.0; Win64; x64) AppleWebKit/537.36 (KHTML, like Gecko) Chrome/64.0.3282.119 Safari/537.36',
  'accept' => 'text/html,application/xhtml+xml,application/xml;q=0.9,image/webp,image/apng,*/*;q=0.8',
  'referer' => 'http://127.0.0.1/kind/thinkphp/public/index/shuaige',
  'accept-encoding' => 'gzip, deflate, br',
  'accept-language' => 'zh-CN,zh;q=0.9',
  'cookie' => 'PHPSESSID=svlsjvdgtais6rnpq7m7it0mgf',
)
[ info ] [ PARAM ] array (
)
[ info ] [ RUN ] app\index\controller\Readylogin->index[ D:\web\htdocs\kind\thinkphp\application\index\controller\Readylogin.php ]
[ info ] [ VIEW ] D:\web\htdocs\kind\thinkphp\public/../application/index\view\readylogin\index.html [ array (
) ]
[ info ] [ LOG ] INIT File

---------------------------------------------------------------
[ 2018-03-03T14:57:52+08:00 ] 127.0.0.1 127.0.0.1 POST /kind/thinkphp/public/index/readylogin/justlogin.html
[ log ] 127.0.0.1/kind/thinkphp/public/index/readylogin/justlogin.html [运行时间：0.040576s][吞吐率：24.65req/s] [内存消耗：2,184.24kb] [文件加载：48]
[ info ] [ LANG ] D:\web\htdocs\kind\thinkphp\thinkphp\lang\zh-cn.php
[ info ] [ ROUTE ] array (
  'type' => 'module',
  'module' => 
  array (
    0 => 'index',
    1 => 'readylogin',
    2 => 'justlogin',
  ),
)
[ info ] [ HEADER ] array (
  'host' => '127.0.0.1',
  'connection' => 'keep-alive',
  'content-length' => '32',
  'cache-control' => 'max-age=0',
  'origin' => 'http://127.0.0.1',
  'upgrade-insecure-requests' => '1',
  'content-type' => 'application/x-www-form-urlencoded',
  'user-agent' => 'Mozilla/5.0 (Windows NT 10.0; Win64; x64) AppleWebKit/537.36 (KHTML, like Gecko) Chrome/64.0.3282.119 Safari/537.36',
  'accept' => 'text/html,application/xhtml+xml,application/xml;q=0.9,image/webp,image/apng,*/*;q=0.8',
  'referer' => 'http://127.0.0.1/kind/thinkphp/public/index/readylogin/index.html',
  'accept-encoding' => 'gzip, deflate, br',
  'accept-language' => 'zh-CN,zh;q=0.9',
  'cookie' => 'PHPSESSID=svlsjvdgtais6rnpq7m7it0mgf',
)
[ info ] [ PARAM ] array (
  'username' => 'teacher',
  'password' => '123456',
)
[ info ] [ RUN ] app\index\controller\Readylogin->justlogin[ D:\web\htdocs\kind\thinkphp\application\index\controller\Readylogin.php ]
[ info ] [ DB ] INIT mysql
[ info ] [ SESSION ] INIT array (
  'id' => '',
  'var_session_id' => '',
  'prefix' => 'think',
  'type' => '',
  'auto_start' => true,
)
[ info ] [ LOG ] INIT File
[ sql ] [ DB ] CONNECT:[ UseTime:0.011242s ] mysql:dbname=kind;host=127.0.0.1;port=3306;charset=utf8
[ sql ] [ SQL ] SHOW COLUMNS FROM `admin` [ RunTime:0.004097s ]
[ sql ] [ SQL ] SELECT * FROM `admin` WHERE  `username` = 'teacher'  AND `password` = '123456' [ RunTime:0.000414s ]

---------------------------------------------------------------
[ 2018-03-03T14:57:52+08:00 ] 127.0.0.1 127.0.0.1 GET /kind/thinkphp/public/index/shuaige/index.html
[ log ] 127.0.0.1/kind/thinkphp/public/index/shuaige/index.html [运行时间：0.053582s][吞吐率：18.66req/s] [内存消耗：3,114.58kb] [文件加载：56]
[ info ] [ LANG ] D:\web\htdocs\kind\thinkphp\thinkphp\lang\zh-cn.php
[ info ] [ ROUTE ] array (
  'type' => 'module',
  'module' => 
  array (
    0 => 'index',
    1 => 'shuaige',
    2 => 'index',
  ),
)
[ info ] [ HEADER ] array (
  'host' => '127.0.0.1',
  'connection' => 'keep-alive',
  'upgrade-insecure-requests' => '1',
  'user-agent' => 'Mozilla/5.0 (Windows NT 10.0; Win64; x64) AppleWebKit/537.36 (KHTML, like Gecko) Chrome/64.0.3282.119 Safari/537.36',
  'accept' => 'text/html,application/xhtml+xml,application/xml;q=0.9,image/webp,image/apng,*/*;q=0.8',
  'referer' => 'http://127.0.0.1/kind/thinkphp/public/index/readylogin/justlogin.html',
  'accept-encoding' => 'gzip, deflate, br',
  'accept-language' => 'zh-CN,zh;q=0.9',
  'cookie' => 'PHPSESSID=svlsjvdgtais6rnpq7m7it0mgf',
)
[ info ] [ PARAM ] array (
)
[ info ] [ DB ] INIT mysql
[ info ] [ SESSION ] INIT array (
  'id' => '',
  'var_session_id' => '',
  'prefix' => 'think',
  'type' => '',
  'auto_start' => true,
)
[ info ] [ RUN ] app\index\controller\shuaige->index[ D:\web\htdocs\kind\thinkphp\application\index\controller\Shuaige.php ]
[ info ] [ VIEW ] D:\web\htdocs\kind\thinkphp\public/../application/index\view\shuaige\index.html [ array (
) ]
[ info ] [ LOG ] INIT File
[ sql ] [ DB ] CONNECT:[ UseTime:0.011221s ] mysql:dbname=kind;host=127.0.0.1;port=3306;charset=utf8
[ sql ] [ SQL ] SHOW COLUMNS FROM `admin` [ RunTime:0.003893s ]
[ sql ] [ SQL ] SELECT * FROM `admin` WHERE  `username` = 'teacher'  AND `password` = '123456' [ RunTime:0.000418s ]

---------------------------------------------------------------
[ 2018-03-03T14:57:57+08:00 ] 127.0.0.1 127.0.0.1 GET /kind/thinkphp/public/index/shuaige/lookstu
[ log ] 127.0.0.1/kind/thinkphp/public/index/shuaige/lookstu [运行时间：0.056432s][吞吐率：17.72req/s] [内存消耗：3,070.31kb] [文件加载：56]
[ info ] [ LANG ] D:\web\htdocs\kind\thinkphp\thinkphp\lang\zh-cn.php
[ info ] [ ROUTE ] array (
  'type' => 'module',
  'module' => 
  array (
    0 => 'index',
    1 => 'shuaige',
    2 => 'lookstu',
  ),
)
[ info ] [ HEADER ] array (
  'host' => '127.0.0.1',
  'connection' => 'keep-alive',
  'accept' => 'application/json, text/javascript, */*; q=0.01',
  'x-requested-with' => 'XMLHttpRequest',
  'user-agent' => 'Mozilla/5.0 (Windows NT 10.0; Win64; x64) AppleWebKit/537.36 (KHTML, like Gecko) Chrome/64.0.3282.119 Safari/537.36',
  'referer' => 'http://127.0.0.1/kind/thinkphp/public/index/shuaige/index.html',
  'accept-encoding' => 'gzip, deflate, br',
  'accept-language' => 'zh-CN,zh;q=0.9',
  'cookie' => 'PHPSESSID=svlsjvdgtais6rnpq7m7it0mgf',
)
[ info ] [ PARAM ] array (
)
[ info ] [ DB ] INIT mysql
[ info ] [ SESSION ] INIT array (
  'id' => '',
  'var_session_id' => '',
  'prefix' => 'think',
  'type' => '',
  'auto_start' => true,
)
[ info ] [ RUN ] app\index\controller\shuaige->lookstu[ D:\web\htdocs\kind\thinkphp\application\index\controller\Shuaige.php ]
[ info ] [ VIEW ] D:\web\htdocs\kind\thinkphp\public/../application/index\view\shuaige\lookstu.html [ array (
  0 => 'data',
) ]
[ info ] [ LOG ] INIT File
[ sql ] [ DB ] CONNECT:[ UseTime:0.011295s ] mysql:dbname=kind;host=127.0.0.1;port=3306;charset=utf8
[ sql ] [ SQL ] SHOW COLUMNS FROM `admin` [ RunTime:0.004201s ]
[ sql ] [ SQL ] SELECT * FROM `admin` WHERE  `username` = 'teacher'  AND `password` = '123456' [ RunTime:0.000405s ]
[ sql ] [ SQL ] SHOW COLUMNS FROM `classss` [ RunTime:0.005322s ]
[ sql ] [ SQL ] SELECT * FROM `classss` [ RunTime:0.000395s ]

---------------------------------------------------------------
[ 2018-03-03T14:58:05+08:00 ] 127.0.0.1 127.0.0.1 POST /kind/thinkphp/public/index/shuaige/studata
[ log ] 127.0.0.1/kind/thinkphp/public/index/shuaige/studata [运行时间：0.066352s][吞吐率：15.07req/s] [内存消耗：3,106.34kb] [文件加载：56]
[ info ] [ LANG ] D:\web\htdocs\kind\thinkphp\thinkphp\lang\zh-cn.php
[ info ] [ ROUTE ] array (
  'type' => 'module',
  'module' => 
  array (
    0 => 'index',
    1 => 'shuaige',
    2 => 'studata',
  ),
)
[ info ] [ HEADER ] array (
  'host' => '127.0.0.1',
  'connection' => 'keep-alive',
  'content-length' => '6',
  'accept' => 'application/json, text/javascript, */*; q=0.01',
  'origin' => 'http://127.0.0.1',
  'x-requested-with' => 'XMLHttpRequest',
  'user-agent' => 'Mozilla/5.0 (Windows NT 10.0; Win64; x64) AppleWebKit/537.36 (KHTML, like Gecko) Chrome/64.0.3282.119 Safari/537.36',
  'content-type' => 'application/x-www-form-urlencoded; charset=UTF-8',
  'referer' => 'http://127.0.0.1/kind/thinkphp/public/index/shuaige/index.html',
  'accept-encoding' => 'gzip, deflate, br',
  'accept-language' => 'zh-CN,zh;q=0.9',
  'cookie' => 'PHPSESSID=svlsjvdgtais6rnpq7m7it0mgf',
)
[ info ] [ PARAM ] array (
  'data' => '1',
)
[ info ] [ DB ] INIT mysql
[ info ] [ SESSION ] INIT array (
  'id' => '',
  'var_session_id' => '',
  'prefix' => 'think',
  'type' => '',
  'auto_start' => true,
)
[ info ] [ RUN ] app\index\controller\shuaige->studata[ D:\web\htdocs\kind\thinkphp\application\index\controller\Shuaige.php ]
[ info ] [ LOG ] INIT File
[ sql ] [ DB ] CONNECT:[ UseTime:0.011115s ] mysql:dbname=kind;host=127.0.0.1;port=3306;charset=utf8
[ sql ] [ SQL ] SHOW COLUMNS FROM `admin` [ RunTime:0.004358s ]
[ sql ] [ SQL ] SELECT * FROM `admin` WHERE  `username` = 'teacher'  AND `password` = '123456' [ RunTime:0.000497s ]
[ sql ] [ SQL ] SHOW COLUMNS FROM `classss` [ RunTime:0.003650s ]
[ sql ] [ SQL ] SELECT * FROM `classss` WHERE  `id` = 1 [ RunTime:0.000407s ]
[ sql ] [ SQL ] SHOW COLUMNS FROM `allstudent` [ RunTime:0.005886s ]
[ sql ] [ SQL ] SELECT * FROM `allstudent` WHERE  `classname` = '管理学院15级会计（1）班' [ RunTime:0.001639s ]

---------------------------------------------------------------
[ 2018-03-03T15:21:29+08:00 ] 127.0.0.1 127.0.0.1 GET /kind/thinkphp/public/index/shuaige/over
[ log ] 127.0.0.1/kind/thinkphp/public/index/shuaige/over [运行时间：0.053720s][吞吐率：18.62req/s] [内存消耗：3,059.06kb] [文件加载：55]
[ info ] [ LANG ] D:\web\htdocs\kind\thinkphp\thinkphp\lang\zh-cn.php
[ info ] [ ROUTE ] array (
  'type' => 'module',
  'module' => 
  array (
    0 => 'index',
    1 => 'shuaige',
    2 => 'over',
  ),
)
[ info ] [ HEADER ] array (
  'host' => '127.0.0.1',
  'connection' => 'keep-alive',
  'accept' => 'application/json, text/javascript, */*; q=0.01',
  'x-requested-with' => 'XMLHttpRequest',
  'user-agent' => 'Mozilla/5.0 (Windows NT 10.0; Win64; x64) AppleWebKit/537.36 (KHTML, like Gecko) Chrome/64.0.3282.119 Safari/537.36',
  'referer' => 'http://127.0.0.1/kind/thinkphp/public/index/shuaige/index.html',
  'accept-encoding' => 'gzip, deflate, br',
  'accept-language' => 'zh-CN,zh;q=0.9',
  'cookie' => 'PHPSESSID=svlsjvdgtais6rnpq7m7it0mgf',
)
[ info ] [ PARAM ] array (
)
[ info ] [ DB ] INIT mysql
[ info ] [ SESSION ] INIT array (
  'id' => '',
  'var_session_id' => '',
  'prefix' => 'think',
  'type' => '',
  'auto_start' => true,
)
[ info ] [ RUN ] app\index\controller\shuaige->over[ D:\web\htdocs\kind\thinkphp\application\index\controller\Shuaige.php ]
[ info ] [ VIEW ] D:\web\htdocs\kind\thinkphp\public/../application/index\view\shuaige\over.html [ array (
) ]
[ info ] [ LOG ] INIT File
[ sql ] [ DB ] CONNECT:[ UseTime:0.011236s ] mysql:dbname=kind;host=127.0.0.1;port=3306;charset=utf8
[ sql ] [ SQL ] SHOW COLUMNS FROM `admin` [ RunTime:0.005659s ]
[ sql ] [ SQL ] SELECT * FROM `admin` WHERE  `username` = 'teacher'  AND `password` = '123456' [ RunTime:0.000445s ]

---------------------------------------------------------------
[ 2018-03-03T15:21:34+08:00 ] 127.0.0.1 127.0.0.1 POST /kind/thinkphp/public/index/shuaige/upover
[ log ] 127.0.0.1/kind/thinkphp/public/index/shuaige/upover [运行时间：0.412910s][吞吐率：2.42req/s] [内存消耗：3,059.22kb] [文件加载：54]
[ info ] [ LANG ] D:\web\htdocs\kind\thinkphp\thinkphp\lang\zh-cn.php
[ info ] [ ROUTE ] array (
  'type' => 'module',
  'module' => 
  array (
    0 => 'index',
    1 => 'shuaige',
    2 => 'upover',
  ),
)
[ info ] [ HEADER ] array (
  'host' => '127.0.0.1',
  'connection' => 'keep-alive',
  'content-length' => '9',
  'accept' => 'application/json, text/javascript, */*; q=0.01',
  'origin' => 'http://127.0.0.1',
  'x-requested-with' => 'XMLHttpRequest',
  'user-agent' => 'Mozilla/5.0 (Windows NT 10.0; Win64; x64) AppleWebKit/537.36 (KHTML, like Gecko) Chrome/64.0.3282.119 Safari/537.36',
  'content-type' => 'application/x-www-form-urlencoded; charset=UTF-8',
  'referer' => 'http://127.0.0.1/kind/thinkphp/public/index/shuaige/index.html',
  'accept-encoding' => 'gzip, deflate, br',
  'accept-language' => 'zh-CN,zh;q=0.9',
  'cookie' => 'PHPSESSID=svlsjvdgtais6rnpq7m7it0mgf',
)
[ info ] [ PARAM ] array (
  'data' => 'sure',
)
[ info ] [ DB ] INIT mysql
[ info ] [ SESSION ] INIT array (
  'id' => '',
  'var_session_id' => '',
  'prefix' => 'think',
  'type' => '',
  'auto_start' => true,
)
[ info ] [ RUN ] app\index\controller\shuaige->upover[ D:\web\htdocs\kind\thinkphp\application\index\controller\Shuaige.php ]
[ info ] [ LOG ] INIT File
[ sql ] [ DB ] CONNECT:[ UseTime:0.010958s ] mysql:dbname=kind;host=127.0.0.1;port=3306;charset=utf8
[ sql ] [ SQL ] SHOW COLUMNS FROM `admin` [ RunTime:0.006062s ]
[ sql ] [ SQL ] SELECT * FROM `admin` WHERE  `username` = 'teacher'  AND `password` = '123456' [ RunTime:0.000433s ]

---------------------------------------------------------------
[ 2018-03-03T15:21:36+08:00 ] 127.0.0.1 127.0.0.1 GET /kind/thinkphp/public/index/shuaige/back
[ log ] 127.0.0.1/kind/thinkphp/public/index/shuaige/back [运行时间：0.047699s][吞吐率：20.96req/s] [内存消耗：3,059.09kb] [文件加载：55]
[ info ] [ LANG ] D:\web\htdocs\kind\thinkphp\thinkphp\lang\zh-cn.php
[ info ] [ ROUTE ] array (
  'type' => 'module',
  'module' => 
  array (
    0 => 'index',
    1 => 'shuaige',
    2 => 'back',
  ),
)
[ info ] [ HEADER ] array (
  'host' => '127.0.0.1',
  'connection' => 'keep-alive',
  'accept' => 'application/json, text/javascript, */*; q=0.01',
  'x-requested-with' => 'XMLHttpRequest',
  'user-agent' => 'Mozilla/5.0 (Windows NT 10.0; Win64; x64) AppleWebKit/537.36 (KHTML, like Gecko) Chrome/64.0.3282.119 Safari/537.36',
  'referer' => 'http://127.0.0.1/kind/thinkphp/public/index/shuaige/index.html',
  'accept-encoding' => 'gzip, deflate, br',
  'accept-language' => 'zh-CN,zh;q=0.9',
  'cookie' => 'PHPSESSID=svlsjvdgtais6rnpq7m7it0mgf',
)
[ info ] [ PARAM ] array (
)
[ info ] [ DB ] INIT mysql
[ info ] [ SESSION ] INIT array (
  'id' => '',
  'var_session_id' => '',
  'prefix' => 'think',
  'type' => '',
  'auto_start' => true,
)
[ info ] [ RUN ] app\index\controller\shuaige->back[ D:\web\htdocs\kind\thinkphp\application\index\controller\Shuaige.php ]
[ info ] [ VIEW ] D:\web\htdocs\kind\thinkphp\public/../application/index\view\shuaige\back.html [ array (
  0 => 'datalist',
  1 => 'filename',
) ]
[ info ] [ LOG ] INIT File
[ sql ] [ DB ] CONNECT:[ UseTime:0.010915s ] mysql:dbname=kind;host=127.0.0.1;port=3306;charset=utf8
[ sql ] [ SQL ] SHOW COLUMNS FROM `admin` [ RunTime:0.006325s ]
[ sql ] [ SQL ] SELECT * FROM `admin` WHERE  `username` = 'teacher'  AND `password` = '123456' [ RunTime:0.000355s ]

---------------------------------------------------------------
[ 2018-03-03T15:21:39+08:00 ] 127.0.0.1 127.0.0.1 GET /kind/thinkphp/public/index/shuaige/over
[ log ] 127.0.0.1/kind/thinkphp/public/index/shuaige/over [运行时间：0.033110s][吞吐率：30.20req/s] [内存消耗：3,059.06kb] [文件加载：55]
[ info ] [ LANG ] D:\web\htdocs\kind\thinkphp\thinkphp\lang\zh-cn.php
[ info ] [ ROUTE ] array (
  'type' => 'module',
  'module' => 
  array (
    0 => 'index',
    1 => 'shuaige',
    2 => 'over',
  ),
)
[ info ] [ HEADER ] array (
  'host' => '127.0.0.1',
  'connection' => 'keep-alive',
  'accept' => 'application/json, text/javascript, */*; q=0.01',
  'x-requested-with' => 'XMLHttpRequest',
  'user-agent' => 'Mozilla/5.0 (Windows NT 10.0; Win64; x64) AppleWebKit/537.36 (KHTML, like Gecko) Chrome/64.0.3282.119 Safari/537.36',
  'referer' => 'http://127.0.0.1/kind/thinkphp/public/index/shuaige/index.html',
  'accept-encoding' => 'gzip, deflate, br',
  'accept-language' => 'zh-CN,zh;q=0.9',
  'cookie' => 'PHPSESSID=svlsjvdgtais6rnpq7m7it0mgf',
)
[ info ] [ PARAM ] array (
)
[ info ] [ DB ] INIT mysql
[ info ] [ SESSION ] INIT array (
  'id' => '',
  'var_session_id' => '',
  'prefix' => 'think',
  'type' => '',
  'auto_start' => true,
)
[ info ] [ RUN ] app\index\controller\shuaige->over[ D:\web\htdocs\kind\thinkphp\application\index\controller\Shuaige.php ]
[ info ] [ VIEW ] D:\web\htdocs\kind\thinkphp\public/../application/index\view\shuaige\over.html [ array (
) ]
[ info ] [ LOG ] INIT File
[ sql ] [ DB ] CONNECT:[ UseTime:0.000951s ] mysql:dbname=kind;host=127.0.0.1;port=3306;charset=utf8
[ sql ] [ SQL ] SHOW COLUMNS FROM `admin` [ RunTime:0.003903s ]
[ sql ] [ SQL ] SELECT * FROM `admin` WHERE  `username` = 'teacher'  AND `password` = '123456' [ RunTime:0.000421s ]

---------------------------------------------------------------
[ 2018-03-03T15:29:56+08:00 ] 127.0.0.1 127.0.0.1 GET /kind/thinkphp/public/index/shuaige/back
[ log ] 127.0.0.1/kind/thinkphp/public/index/shuaige/back [运行时间：0.042450s][吞吐率：23.56req/s] [内存消耗：3,058.59kb] [文件加载：55]
[ info ] [ LANG ] D:\web\htdocs\kind\thinkphp\thinkphp\lang\zh-cn.php
[ info ] [ ROUTE ] array (
  'type' => 'module',
  'module' => 
  array (
    0 => 'index',
    1 => 'shuaige',
    2 => 'back',
  ),
)
[ info ] [ HEADER ] array (
  'host' => '127.0.0.1',
  'connection' => 'keep-alive',
  'accept' => 'application/json, text/javascript, */*; q=0.01',
  'x-requested-with' => 'XMLHttpRequest',
  'user-agent' => 'Mozilla/5.0 (Windows NT 10.0; Win64; x64) AppleWebKit/537.36 (KHTML, like Gecko) Chrome/64.0.3282.119 Safari/537.36',
  'referer' => 'http://127.0.0.1/kind/thinkphp/public/index/shuaige/index.html',
  'accept-encoding' => 'gzip, deflate, br',
  'accept-language' => 'zh-CN,zh;q=0.9',
  'cookie' => 'PHPSESSID=svlsjvdgtais6rnpq7m7it0mgf',
)
[ info ] [ PARAM ] array (
)
[ info ] [ DB ] INIT mysql
[ info ] [ SESSION ] INIT array (
  'id' => '',
  'var_session_id' => '',
  'prefix' => 'think',
  'type' => '',
  'auto_start' => true,
)
[ info ] [ RUN ] app\index\controller\shuaige->back[ D:\web\htdocs\kind\thinkphp\application\index\controller\Shuaige.php ]
[ info ] [ VIEW ] D:\web\htdocs\kind\thinkphp\public/../application/index\view\shuaige\back.html [ array (
  0 => 'datalist',
  1 => 'filename',
) ]
[ info ] [ LOG ] INIT File
[ sql ] [ DB ] CONNECT:[ UseTime:0.001133s ] mysql:dbname=kind;host=127.0.0.1;port=3306;charset=utf8
[ sql ] [ SQL ] SHOW COLUMNS FROM `admin` [ RunTime:0.005999s ]
[ sql ] [ SQL ] SELECT * FROM `admin` WHERE  `username` = 'teacher'  AND `password` = '123456' [ RunTime:0.000809s ]

---------------------------------------------------------------
[ 2018-03-03T15:30:06+08:00 ] 127.0.0.1 127.0.0.1 POST /kind/thinkphp/public/index/shuaige/restore
[ log ] 127.0.0.1/kind/thinkphp/public/index/shuaige/restore [运行时间：4.716187s][吞吐率：0.21req/s] [内存消耗：3,058.83kb] [文件加载：54]
[ info ] [ LANG ] D:\web\htdocs\kind\thinkphp\thinkphp\lang\zh-cn.php
[ info ] [ ROUTE ] array (
  'type' => 'module',
  'module' => 
  array (
    0 => 'index',
    1 => 'shuaige',
    2 => 'restore',
  ),
)
[ info ] [ HEADER ] array (
  'host' => '127.0.0.1',
  'connection' => 'keep-alive',
  'content-length' => '98',
  'accept' => '*/*',
  'origin' => 'http://127.0.0.1',
  'x-requested-with' => 'XMLHttpRequest',
  'user-agent' => 'Mozilla/5.0 (Windows NT 10.0; Win64; x64) AppleWebKit/537.36 (KHTML, like Gecko) Chrome/64.0.3282.119 Safari/537.36',
  'content-type' => 'application/x-www-form-urlencoded; charset=UTF-8',
  'referer' => 'http://127.0.0.1/kind/thinkphp/public/index/shuaige/index.html',
  'accept-encoding' => 'gzip, deflate, br',
  'accept-language' => 'zh-CN,zh;q=0.9',
  'cookie' => 'PHPSESSID=svlsjvdgtais6rnpq7m7it0mgf',
)
[ info ] [ PARAM ] array (
  'name' => 'D:\\web\\htdocs\\kind\\thinkphp\\public/uploads/back/2018-03-03 15;21;33.sql',
)
[ info ] [ DB ] INIT mysql
[ info ] [ SESSION ] INIT array (
  'id' => '',
  'var_session_id' => '',
  'prefix' => 'think',
  'type' => '',
  'auto_start' => true,
)
[ info ] [ RUN ] app\index\controller\shuaige->restore[ D:\web\htdocs\kind\thinkphp\application\index\controller\Shuaige.php ]
[ info ] [ LOG ] INIT File
[ sql ] [ DB ] CONNECT:[ UseTime:0.000942s ] mysql:dbname=kind;host=127.0.0.1;port=3306;charset=utf8
[ sql ] [ SQL ] SHOW COLUMNS FROM `admin` [ RunTime:0.006693s ]
[ sql ] [ SQL ] SELECT * FROM `admin` WHERE  `username` = 'teacher'  AND `password` = '123456' [ RunTime:0.000434s ]

---------------------------------------------------------------
[ 2018-03-03T15:32:36+08:00 ] 127.0.0.1 127.0.0.1 GET /kind/thinkphp/public/index/backup/index.html
[ log ] 127.0.0.1/kind/thinkphp/public/index/backup/index.html [运行时间：0.032431s][吞吐率：30.83req/s] [内存消耗：1,300.75kb] [文件加载：40]
[ info ] [ LANG ] D:\web\htdocs\kind\thinkphp\thinkphp\lang\zh-cn.php
[ info ] [ ROUTE ] array (
  'type' => 'module',
  'module' => 
  array (
    0 => 'index',
    1 => 'backup',
    2 => 'index',
  ),
)
[ info ] [ HEADER ] array (
  'host' => '127.0.0.1',
  'connection' => 'keep-alive',
  'upgrade-insecure-requests' => '1',
  'user-agent' => 'Mozilla/5.0 (Windows NT 10.0; Win64; x64) AppleWebKit/537.36 (KHTML, like Gecko) Chrome/64.0.3282.119 Safari/537.36',
  'accept' => 'text/html,application/xhtml+xml,application/xml;q=0.9,image/webp,image/apng,*/*;q=0.8',
  'accept-encoding' => 'gzip, deflate, br',
  'accept-language' => 'zh-CN,zh;q=0.9',
  'cookie' => 'PHPSESSID=svlsjvdgtais6rnpq7m7it0mgf',
)
[ info ] [ PARAM ] array (
)
[ info ] [ LOG ] INIT File

---------------------------------------------------------------
[ 2018-03-03T15:34:35+08:00 ] 127.0.0.1 127.0.0.1 GET /kind/thinkphp/public/index/backup/index.html
[ log ] 127.0.0.1/kind/thinkphp/public/index/backup/index.html [运行时间：0.062217s][吞吐率：16.07req/s] [内存消耗：3,085.59kb] [文件加载：57]
[ info ] [ LANG ] D:\web\htdocs\kind\thinkphp\thinkphp\lang\zh-cn.php
[ info ] [ ROUTE ] array (
  'type' => 'module',
  'module' => 
  array (
    0 => 'index',
    1 => 'backup',
    2 => 'index',
  ),
)
[ info ] [ HEADER ] array (
  'host' => '127.0.0.1',
  'connection' => 'keep-alive',
  'upgrade-insecure-requests' => '1',
  'user-agent' => 'Mozilla/5.0 (Windows NT 10.0; Win64; x64) AppleWebKit/537.36 (KHTML, like Gecko) Chrome/64.0.3282.119 Safari/537.36',
  'accept' => 'text/html,application/xhtml+xml,application/xml;q=0.9,image/webp,image/apng,*/*;q=0.8',
  'accept-encoding' => 'gzip, deflate, br',
  'accept-language' => 'zh-CN,zh;q=0.9',
  'cookie' => 'PHPSESSID=svlsjvdgtais6rnpq7m7it0mgf',
)
[ info ] [ PARAM ] array (
)
[ info ] [ DB ] INIT mysql
[ info ] [ SESSION ] INIT array (
  'id' => '',
  'var_session_id' => '',
  'prefix' => 'think',
  'type' => '',
  'auto_start' => true,
)
[ info ] [ RUN ] app\index\controller\backup->index[ D:\web\htdocs\kind\thinkphp\application\index\controller\Backup.php ]
[ info ] [ LOG ] INIT File
[ sql ] [ DB ] CONNECT:[ UseTime:0.010728s ] mysql:dbname=kind;host=127.0.0.1;port=3306;charset=utf8
[ sql ] [ SQL ] SHOW COLUMNS FROM `admin` [ RunTime:0.004304s ]
[ sql ] [ SQL ] SELECT * FROM `admin` WHERE  `username` = 'teacher'  AND `password` = '123456' [ RunTime:0.000441s ]
[ error ] [0]模板文件不存在:D:\web\htdocs\kind\thinkphp\public/../application/index\view\backup\index.html[D:\web\htdocs\kind\thinkphp\thinkphp\library\think\view\driver\Think.php:80]

---------------------------------------------------------------
[ 2018-03-03T15:35:59+08:00 ] 127.0.0.1 127.0.0.1 GET /kind/thinkphp/public/index/backup/index.html
[ log ] 127.0.0.1/kind/thinkphp/public/index/backup/index.html [运行时间：0.047885s][吞吐率：20.88req/s] [内存消耗：3,265.02kb] [文件加载：58]
[ info ] [ LANG ] D:\web\htdocs\kind\thinkphp\thinkphp\lang\zh-cn.php
[ info ] [ ROUTE ] array (
  'type' => 'module',
  'module' => 
  array (
    0 => 'index',
    1 => 'backup',
    2 => 'index',
  ),
)
[ info ] [ HEADER ] array (
  'host' => '127.0.0.1',
  'connection' => 'keep-alive',
  'cache-control' => 'max-age=0',
  'upgrade-insecure-requests' => '1',
  'user-agent' => 'Mozilla/5.0 (Windows NT 10.0; Win64; x64) AppleWebKit/537.36 (KHTML, like Gecko) Chrome/64.0.3282.119 Safari/537.36',
  'accept' => 'text/html,application/xhtml+xml,application/xml;q=0.9,image/webp,image/apng,*/*;q=0.8',
  'accept-encoding' => 'gzip, deflate, br',
  'accept-language' => 'zh-CN,zh;q=0.9',
  'cookie' => 'PHPSESSID=svlsjvdgtais6rnpq7m7it0mgf',
)
[ info ] [ PARAM ] array (
)
[ info ] [ DB ] INIT mysql
[ info ] [ SESSION ] INIT array (
  'id' => '',
  'var_session_id' => '',
  'prefix' => 'think',
  'type' => '',
  'auto_start' => true,
)
[ info ] [ RUN ] app\index\controller\backup->index[ D:\web\htdocs\kind\thinkphp\application\index\controller\Backup.php ]
[ info ] [ VIEW ] D:\web\htdocs\kind\thinkphp\public/../application/index\view\backup\index.html [ array (
) ]
[ info ] [ LOG ] INIT File
[ sql ] [ DB ] CONNECT:[ UseTime:0.001053s ] mysql:dbname=kind;host=127.0.0.1;port=3306;charset=utf8
[ sql ] [ SQL ] SHOW COLUMNS FROM `admin` [ RunTime:0.004700s ]
[ sql ] [ SQL ] SELECT * FROM `admin` WHERE  `username` = 'teacher'  AND `password` = '123456' [ RunTime:0.000624s ]

---------------------------------------------------------------
[ 2018-03-03T15:36:13+08:00 ] 127.0.0.1 127.0.0.1 GET /kind/thinkphp/public/index/backup/template
[ log ] 127.0.0.1/kind/thinkphp/public/index/backup/template [运行时间：0.056484s][吞吐率：17.70req/s] [内存消耗：3,200.93kb] [文件加载：58]
[ info ] [ LANG ] D:\web\htdocs\kind\thinkphp\thinkphp\lang\zh-cn.php
[ info ] [ ROUTE ] array (
  'type' => 'module',
  'module' => 
  array (
    0 => 'index',
    1 => 'backup',
    2 => 'template',
  ),
)
[ info ] [ HEADER ] array (
  'host' => '127.0.0.1',
  'connection' => 'keep-alive',
  'accept' => 'application/json, text/javascript, */*; q=0.01',
  'x-requested-with' => 'XMLHttpRequest',
  'user-agent' => 'Mozilla/5.0 (Windows NT 10.0; Win64; x64) AppleWebKit/537.36 (KHTML, like Gecko) Chrome/64.0.3282.119 Safari/537.36',
  'referer' => 'http://127.0.0.1/kind/thinkphp/public/index/backup/index.html',
  'accept-encoding' => 'gzip, deflate, br',
  'accept-language' => 'zh-CN,zh;q=0.9',
  'cookie' => 'PHPSESSID=svlsjvdgtais6rnpq7m7it0mgf',
)
[ info ] [ PARAM ] array (
)
[ info ] [ DB ] INIT mysql
[ info ] [ SESSION ] INIT array (
  'id' => '',
  'var_session_id' => '',
  'prefix' => 'think',
  'type' => '',
  'auto_start' => true,
)
[ info ] [ RUN ] app\index\controller\backup->template[ D:\web\htdocs\kind\thinkphp\application\index\controller\Backup.php ]
[ info ] [ VIEW ] D:\web\htdocs\kind\thinkphp\public/../application/index\view\backup\template.html [ array (
  0 => 'data',
) ]
[ info ] [ LOG ] INIT File
[ sql ] [ DB ] CONNECT:[ UseTime:0.010754s ] mysql:dbname=kind;host=127.0.0.1;port=3306;charset=utf8
[ sql ] [ SQL ] SHOW COLUMNS FROM `admin` [ RunTime:0.005778s ]
[ sql ] [ SQL ] SELECT * FROM `admin` WHERE  `username` = 'teacher'  AND `password` = '123456' [ RunTime:0.000394s ]
[ sql ] [ SQL ] SHOW COLUMNS FROM `classss` [ RunTime:0.003950s ]
[ sql ] [ SQL ] SELECT * FROM `classss` [ RunTime:0.000321s ]

---------------------------------------------------------------
[ 2018-03-03T15:36:19+08:00 ] 127.0.0.1 127.0.0.1 GET /kind/thinkphp/public/index/backup/lookstu
[ log ] 127.0.0.1/kind/thinkphp/public/index/backup/lookstu [运行时间：0.050612s][吞吐率：19.76req/s] [内存消耗：3,202.79kb] [文件加载：58]
[ info ] [ LANG ] D:\web\htdocs\kind\thinkphp\thinkphp\lang\zh-cn.php
[ info ] [ ROUTE ] array (
  'type' => 'module',
  'module' => 
  array (
    0 => 'index',
    1 => 'backup',
    2 => 'lookstu',
  ),
)
[ info ] [ HEADER ] array (
  'host' => '127.0.0.1',
  'connection' => 'keep-alive',
  'accept' => 'application/json, text/javascript, */*; q=0.01',
  'x-requested-with' => 'XMLHttpRequest',
  'user-agent' => 'Mozilla/5.0 (Windows NT 10.0; Win64; x64) AppleWebKit/537.36 (KHTML, like Gecko) Chrome/64.0.3282.119 Safari/537.36',
  'referer' => 'http://127.0.0.1/kind/thinkphp/public/index/backup/index.html',
  'accept-encoding' => 'gzip, deflate, br',
  'accept-language' => 'zh-CN,zh;q=0.9',
  'cookie' => 'PHPSESSID=svlsjvdgtais6rnpq7m7it0mgf',
)
[ info ] [ PARAM ] array (
)
[ info ] [ DB ] INIT mysql
[ info ] [ SESSION ] INIT array (
  'id' => '',
  'var_session_id' => '',
  'prefix' => 'think',
  'type' => '',
  'auto_start' => true,
)
[ info ] [ RUN ] app\index\controller\backup->lookstu[ D:\web\htdocs\kind\thinkphp\application\index\controller\Backup.php ]
[ info ] [ VIEW ] D:\web\htdocs\kind\thinkphp\public/../application/index\view\backup\lookstu.html [ array (
  0 => 'data',
) ]
[ info ] [ LOG ] INIT File
[ sql ] [ DB ] CONNECT:[ UseTime:0.010906s ] mysql:dbname=kind;host=127.0.0.1;port=3306;charset=utf8
[ sql ] [ SQL ] SHOW COLUMNS FROM `admin` [ RunTime:0.004601s ]
[ sql ] [ SQL ] SELECT * FROM `admin` WHERE  `username` = 'teacher'  AND `password` = '123456' [ RunTime:0.000427s ]
[ sql ] [ SQL ] SHOW COLUMNS FROM `classss` [ RunTime:0.003535s ]
[ sql ] [ SQL ] SELECT * FROM `classss` [ RunTime:0.000349s ]

---------------------------------------------------------------
[ 2018-03-03T15:56:47+08:00 ] 127.0.0.1 127.0.0.1 GET /kind/thinkphp/public/index/backup/upstudent
[ log ] 127.0.0.1/kind/thinkphp/public/index/backup/upstudent [运行时间：0.024194s][吞吐率：41.33req/s] [内存消耗：1,964.86kb] [文件加载：43]
[ info ] [ LANG ] D:\web\htdocs\kind\thinkphp\thinkphp\lang\zh-cn.php
[ info ] [ ROUTE ] array (
  'type' => 'module',
  'module' => 
  array (
    0 => 'index',
    1 => 'backup',
    2 => 'upstudent',
  ),
)
[ info ] [ HEADER ] array (
  'host' => '127.0.0.1',
  'connection' => 'keep-alive',
  'accept' => 'application/json, text/javascript, */*; q=0.01',
  'x-requested-with' => 'XMLHttpRequest',
  'user-agent' => 'Mozilla/5.0 (Windows NT 10.0; Win64; x64) AppleWebKit/537.36 (KHTML, like Gecko) Chrome/64.0.3282.119 Safari/537.36',
  'referer' => 'http://127.0.0.1/kind/thinkphp/public/index/backup/index.html',
  'accept-encoding' => 'gzip, deflate, br',
  'accept-language' => 'zh-CN,zh;q=0.9',
  'cookie' => 'PHPSESSID=svlsjvdgtais6rnpq7m7it0mgf',
)
[ info ] [ PARAM ] array (
)
[ info ] [ LOG ] INIT File

---------------------------------------------------------------
[ 2018-03-03T16:05:03+08:00 ] 127.0.0.1 127.0.0.1 GET /kind/thinkphp/public/index/backup/index.html
[ log ] 127.0.0.1/kind/thinkphp/public/index/backup/index.html [运行时间：0.025815s][吞吐率：38.74req/s] [内存消耗：1,964.94kb] [文件加载：43]
[ info ] [ LANG ] D:\web\htdocs\kind\thinkphp\thinkphp\lang\zh-cn.php
[ info ] [ ROUTE ] array (
  'type' => 'module',
  'module' => 
  array (
    0 => 'index',
    1 => 'backup',
    2 => 'index',
  ),
)
[ info ] [ HEADER ] array (
  'host' => '127.0.0.1',
  'connection' => 'keep-alive',
  'cache-control' => 'max-age=0',
  'upgrade-insecure-requests' => '1',
  'user-agent' => 'Mozilla/5.0 (Windows NT 10.0; Win64; x64) AppleWebKit/537.36 (KHTML, like Gecko) Chrome/64.0.3282.119 Safari/537.36',
  'accept' => 'text/html,application/xhtml+xml,application/xml;q=0.9,image/webp,image/apng,*/*;q=0.8',
  'accept-encoding' => 'gzip, deflate, br',
  'accept-language' => 'zh-CN,zh;q=0.9',
  'cookie' => 'PHPSESSID=svlsjvdgtais6rnpq7m7it0mgf',
)
[ info ] [ PARAM ] array (
)
[ info ] [ LOG ] INIT File

---------------------------------------------------------------
[ 2018-03-03T16:05:24+08:00 ] 127.0.0.1 127.0.0.1 GET /kind/thinkphp/public/index/backup/index.html
[ log ] 127.0.0.1/kind/thinkphp/public/index/backup/index.html [运行时间：0.046663s][吞吐率：21.43req/s] [内存消耗：3,113.95kb] [文件加载：56]
[ info ] [ LANG ] D:\web\htdocs\kind\thinkphp\thinkphp\lang\zh-cn.php
[ info ] [ ROUTE ] array (
  'type' => 'module',
  'module' => 
  array (
    0 => 'index',
    1 => 'backup',
    2 => 'index',
  ),
)
[ info ] [ HEADER ] array (
  'host' => '127.0.0.1',
  'connection' => 'keep-alive',
  'cache-control' => 'max-age=0',
  'upgrade-insecure-requests' => '1',
  'user-agent' => 'Mozilla/5.0 (Windows NT 10.0; Win64; x64) AppleWebKit/537.36 (KHTML, like Gecko) Chrome/64.0.3282.119 Safari/537.36',
  'accept' => 'text/html,application/xhtml+xml,application/xml;q=0.9,image/webp,image/apng,*/*;q=0.8',
  'accept-encoding' => 'gzip, deflate, br',
  'accept-language' => 'zh-CN,zh;q=0.9',
  'cookie' => 'PHPSESSID=svlsjvdgtais6rnpq7m7it0mgf',
)
[ info ] [ PARAM ] array (
)
[ info ] [ DB ] INIT mysql
[ info ] [ SESSION ] INIT array (
  'id' => '',
  'var_session_id' => '',
  'prefix' => 'think',
  'type' => '',
  'auto_start' => true,
)
[ info ] [ RUN ] app\index\controller\Backup->index[ D:\web\htdocs\kind\thinkphp\application\index\controller\Backup.php ]
[ info ] [ VIEW ] D:\web\htdocs\kind\thinkphp\public/../application/index\view\backup\index.html [ array (
) ]
[ info ] [ LOG ] INIT File
[ sql ] [ DB ] CONNECT:[ UseTime:0.001009s ] mysql:dbname=kind;host=127.0.0.1;port=3306;charset=utf8
[ sql ] [ SQL ] SHOW COLUMNS FROM `admin` [ RunTime:0.007743s ]
[ sql ] [ SQL ] SELECT * FROM `admin` WHERE  `username` = 'teacher'  AND `password` = '123456' [ RunTime:0.000412s ]

---------------------------------------------------------------
[ 2018-03-03T16:05:49+08:00 ] 127.0.0.1 127.0.0.1 GET /kind/thinkphp/public/index/backup/lookstu
[ log ] 127.0.0.1/kind/thinkphp/public/index/backup/lookstu [运行时间：0.051322s][吞吐率：19.48req/s] [内存消耗：3,069.05kb] [文件加载：56]
[ info ] [ LANG ] D:\web\htdocs\kind\thinkphp\thinkphp\lang\zh-cn.php
[ info ] [ ROUTE ] array (
  'type' => 'module',
  'module' => 
  array (
    0 => 'index',
    1 => 'backup',
    2 => 'lookstu',
  ),
)
[ info ] [ HEADER ] array (
  'host' => '127.0.0.1',
  'connection' => 'keep-alive',
  'accept' => 'application/json, text/javascript, */*; q=0.01',
  'x-requested-with' => 'XMLHttpRequest',
  'user-agent' => 'Mozilla/5.0 (Windows NT 10.0; Win64; x64) AppleWebKit/537.36 (KHTML, like Gecko) Chrome/64.0.3282.119 Safari/537.36',
  'referer' => 'http://127.0.0.1/kind/thinkphp/public/index/backup/index.html',
  'accept-encoding' => 'gzip, deflate, br',
  'accept-language' => 'zh-CN,zh;q=0.9',
  'cookie' => 'PHPSESSID=svlsjvdgtais6rnpq7m7it0mgf',
)
[ info ] [ PARAM ] array (
)
[ info ] [ DB ] INIT mysql
[ info ] [ SESSION ] INIT array (
  'id' => '',
  'var_session_id' => '',
  'prefix' => 'think',
  'type' => '',
  'auto_start' => true,
)
[ info ] [ RUN ] app\index\controller\Backup->lookstu[ D:\web\htdocs\kind\thinkphp\application\index\controller\Backup.php ]
[ info ] [ VIEW ] D:\web\htdocs\kind\thinkphp\public/../application/index\view\backup\lookstu.html [ array (
  0 => 'data',
) ]
[ info ] [ LOG ] INIT File
[ sql ] [ DB ] CONNECT:[ UseTime:0.010912s ] mysql:dbname=kind;host=127.0.0.1;port=3306;charset=utf8
[ sql ] [ SQL ] SHOW COLUMNS FROM `admin` [ RunTime:0.005739s ]
[ sql ] [ SQL ] SELECT * FROM `admin` WHERE  `username` = 'teacher'  AND `password` = '123456' [ RunTime:0.000376s ]
[ sql ] [ SQL ] SHOW COLUMNS FROM `classss` [ RunTime:0.003590s ]
[ sql ] [ SQL ] SELECT * FROM `classss` [ RunTime:0.000427s ]

---------------------------------------------------------------
[ 2018-03-03T16:05:52+08:00 ] 127.0.0.1 127.0.0.1 GET /kind/thinkphp/public/index/backup/upstudent
[ log ] 127.0.0.1/kind/thinkphp/public/index/backup/upstudent [运行时间：0.047421s][吞吐率：21.09req/s] [内存消耗：3,189.96kb] [文件加载：57]
[ info ] [ LANG ] D:\web\htdocs\kind\thinkphp\thinkphp\lang\zh-cn.php
[ info ] [ ROUTE ] array (
  'type' => 'module',
  'module' => 
  array (
    0 => 'index',
    1 => 'backup',
    2 => 'upstudent',
  ),
)
[ info ] [ HEADER ] array (
  'host' => '127.0.0.1',
  'connection' => 'keep-alive',
  'accept' => 'application/json, text/javascript, */*; q=0.01',
  'x-requested-with' => 'XMLHttpRequest',
  'user-agent' => 'Mozilla/5.0 (Windows NT 10.0; Win64; x64) AppleWebKit/537.36 (KHTML, like Gecko) Chrome/64.0.3282.119 Safari/537.36',
  'referer' => 'http://127.0.0.1/kind/thinkphp/public/index/backup/index.html',
  'accept-encoding' => 'gzip, deflate, br',
  'accept-language' => 'zh-CN,zh;q=0.9',
  'cookie' => 'PHPSESSID=svlsjvdgtais6rnpq7m7it0mgf',
)
[ info ] [ PARAM ] array (
)
[ info ] [ DB ] INIT mysql
[ info ] [ SESSION ] INIT array (
  'id' => '',
  'var_session_id' => '',
  'prefix' => 'think',
  'type' => '',
  'auto_start' => true,
)
[ info ] [ RUN ] app\index\controller\Backup->upstudent[ D:\web\htdocs\kind\thinkphp\application\index\controller\Backup.php ]
[ info ] [ VIEW ] D:\web\htdocs\kind\thinkphp\public/../application/index\view\backup\upstudent.html [ array (
) ]
[ info ] [ LOG ] INIT File
[ sql ] [ DB ] CONNECT:[ UseTime:0.010923s ] mysql:dbname=kind;host=127.0.0.1;port=3306;charset=utf8
[ sql ] [ SQL ] SHOW COLUMNS FROM `admin` [ RunTime:0.005942s ]
[ sql ] [ SQL ] SELECT * FROM `admin` WHERE  `username` = 'teacher'  AND `password` = '123456' [ RunTime:0.000394s ]

---------------------------------------------------------------
[ 2018-03-03T16:13:03+08:00 ] 127.0.0.1 127.0.0.1 GET /kind/thinkphp/public/index/backup/lookstu
[ log ] 127.0.0.1/kind/thinkphp/public/index/backup/lookstu [运行时间：0.044894s][吞吐率：22.27req/s] [内存消耗：3,069.05kb] [文件加载：56]
[ info ] [ LANG ] D:\web\htdocs\kind\thinkphp\thinkphp\lang\zh-cn.php
[ info ] [ ROUTE ] array (
  'type' => 'module',
  'module' => 
  array (
    0 => 'index',
    1 => 'backup',
    2 => 'lookstu',
  ),
)
[ info ] [ HEADER ] array (
  'host' => '127.0.0.1',
  'connection' => 'keep-alive',
  'accept' => 'application/json, text/javascript, */*; q=0.01',
  'x-requested-with' => 'XMLHttpRequest',
  'user-agent' => 'Mozilla/5.0 (Windows NT 10.0; Win64; x64) AppleWebKit/537.36 (KHTML, like Gecko) Chrome/64.0.3282.119 Safari/537.36',
  'referer' => 'http://127.0.0.1/kind/thinkphp/public/index/backup/index.html',
  'accept-encoding' => 'gzip, deflate, br',
  'accept-language' => 'zh-CN,zh;q=0.9',
  'cookie' => 'PHPSESSID=svlsjvdgtais6rnpq7m7it0mgf',
)
[ info ] [ PARAM ] array (
)
[ info ] [ DB ] INIT mysql
[ info ] [ SESSION ] INIT array (
  'id' => '',
  'var_session_id' => '',
  'prefix' => 'think',
  'type' => '',
  'auto_start' => true,
)
[ info ] [ RUN ] app\index\controller\Backup->lookstu[ D:\web\htdocs\kind\thinkphp\application\index\controller\Backup.php ]
[ info ] [ VIEW ] D:\web\htdocs\kind\thinkphp\public/../application/index\view\backup\lookstu.html [ array (
  0 => 'data',
) ]
[ info ] [ LOG ] INIT File
[ sql ] [ DB ] CONNECT:[ UseTime:0.001066s ] mysql:dbname=kind;host=127.0.0.1;port=3306;charset=utf8
[ sql ] [ SQL ] SHOW COLUMNS FROM `admin` [ RunTime:0.003783s ]
[ sql ] [ SQL ] SELECT * FROM `admin` WHERE  `username` = 'teacher'  AND `password` = '123456' [ RunTime:0.000895s ]
[ sql ] [ SQL ] SHOW COLUMNS FROM `classss` [ RunTime:0.003496s ]
[ sql ] [ SQL ] SELECT * FROM `classss` [ RunTime:0.000904s ]

---------------------------------------------------------------
[ 2018-03-03T16:13:04+08:00 ] 127.0.0.1 127.0.0.1 GET /kind/thinkphp/public/index/backup/upstudent
[ log ] 127.0.0.1/kind/thinkphp/public/index/backup/upstudent [运行时间：0.044351s][吞吐率：22.55req/s] [内存消耗：3,058.63kb] [文件加载：55]
[ info ] [ LANG ] D:\web\htdocs\kind\thinkphp\thinkphp\lang\zh-cn.php
[ info ] [ ROUTE ] array (
  'type' => 'module',
  'module' => 
  array (
    0 => 'index',
    1 => 'backup',
    2 => 'upstudent',
  ),
)
[ info ] [ HEADER ] array (
  'host' => '127.0.0.1',
  'connection' => 'keep-alive',
  'accept' => 'application/json, text/javascript, */*; q=0.01',
  'x-requested-with' => 'XMLHttpRequest',
  'user-agent' => 'Mozilla/5.0 (Windows NT 10.0; Win64; x64) AppleWebKit/537.36 (KHTML, like Gecko) Chrome/64.0.3282.119 Safari/537.36',
  'referer' => 'http://127.0.0.1/kind/thinkphp/public/index/backup/index.html',
  'accept-encoding' => 'gzip, deflate, br',
  'accept-language' => 'zh-CN,zh;q=0.9',
  'cookie' => 'PHPSESSID=svlsjvdgtais6rnpq7m7it0mgf',
)
[ info ] [ PARAM ] array (
)
[ info ] [ DB ] INIT mysql
[ info ] [ SESSION ] INIT array (
  'id' => '',
  'var_session_id' => '',
  'prefix' => 'think',
  'type' => '',
  'auto_start' => true,
)
[ info ] [ RUN ] app\index\controller\Backup->upstudent[ D:\web\htdocs\kind\thinkphp\application\index\controller\Backup.php ]
[ info ] [ VIEW ] D:\web\htdocs\kind\thinkphp\public/../application/index\view\backup\upstudent.html [ array (
) ]
[ info ] [ LOG ] INIT File
[ sql ] [ DB ] CONNECT:[ UseTime:0.010681s ] mysql:dbname=kind;host=127.0.0.1;port=3306;charset=utf8
[ sql ] [ SQL ] SHOW COLUMNS FROM `admin` [ RunTime:0.005074s ]
[ sql ] [ SQL ] SELECT * FROM `admin` WHERE  `username` = 'teacher'  AND `password` = '123456' [ RunTime:0.000421s ]

---------------------------------------------------------------
[ 2018-03-03T16:13:05+08:00 ] 127.0.0.1 127.0.0.1 GET /kind/thinkphp/public/index/backup/lookstu
[ log ] 127.0.0.1/kind/thinkphp/public/index/backup/lookstu [运行时间：0.055166s][吞吐率：18.13req/s] [内存消耗：3,069.05kb] [文件加载：56]
[ info ] [ LANG ] D:\web\htdocs\kind\thinkphp\thinkphp\lang\zh-cn.php
[ info ] [ ROUTE ] array (
  'type' => 'module',
  'module' => 
  array (
    0 => 'index',
    1 => 'backup',
    2 => 'lookstu',
  ),
)
[ info ] [ HEADER ] array (
  'host' => '127.0.0.1',
  'connection' => 'keep-alive',
  'accept' => 'application/json, text/javascript, */*; q=0.01',
  'x-requested-with' => 'XMLHttpRequest',
  'user-agent' => 'Mozilla/5.0 (Windows NT 10.0; Win64; x64) AppleWebKit/537.36 (KHTML, like Gecko) Chrome/64.0.3282.119 Safari/537.36',
  'referer' => 'http://127.0.0.1/kind/thinkphp/public/index/backup/index.html',
  'accept-encoding' => 'gzip, deflate, br',
  'accept-language' => 'zh-CN,zh;q=0.9',
  'cookie' => 'PHPSESSID=svlsjvdgtais6rnpq7m7it0mgf',
)
[ info ] [ PARAM ] array (
)
[ info ] [ DB ] INIT mysql
[ info ] [ SESSION ] INIT array (
  'id' => '',
  'var_session_id' => '',
  'prefix' => 'think',
  'type' => '',
  'auto_start' => true,
)
[ info ] [ RUN ] app\index\controller\Backup->lookstu[ D:\web\htdocs\kind\thinkphp\application\index\controller\Backup.php ]
[ info ] [ VIEW ] D:\web\htdocs\kind\thinkphp\public/../application/index\view\backup\lookstu.html [ array (
  0 => 'data',
) ]
[ info ] [ LOG ] INIT File
[ sql ] [ DB ] CONNECT:[ UseTime:0.011604s ] mysql:dbname=kind;host=127.0.0.1;port=3306;charset=utf8
[ sql ] [ SQL ] SHOW COLUMNS FROM `admin` [ RunTime:0.006575s ]
[ sql ] [ SQL ] SELECT * FROM `admin` WHERE  `username` = 'teacher'  AND `password` = '123456' [ RunTime:0.000419s ]
[ sql ] [ SQL ] SHOW COLUMNS FROM `classss` [ RunTime:0.004571s ]
[ sql ] [ SQL ] SELECT * FROM `classss` [ RunTime:0.000349s ]

---------------------------------------------------------------
[ 2018-03-03T16:13:20+08:00 ] 127.0.0.1 127.0.0.1 POST /kind/thinkphp/public/index/shuaige/restore
[ log ] 127.0.0.1/kind/thinkphp/public/index/shuaige/restore [运行时间：3.394808s][吞吐率：0.29req/s] [内存消耗：3,058.83kb] [文件加载：54]
[ info ] [ LANG ] D:\web\htdocs\kind\thinkphp\thinkphp\lang\zh-cn.php
[ info ] [ ROUTE ] array (
  'type' => 'module',
  'module' => 
  array (
    0 => 'index',
    1 => 'shuaige',
    2 => 'restore',
  ),
)
[ info ] [ HEADER ] array (
  'host' => '127.0.0.1',
  'connection' => 'keep-alive',
  'content-length' => '98',
  'accept' => '*/*',
  'origin' => 'http://127.0.0.1',
  'x-requested-with' => 'XMLHttpRequest',
  'user-agent' => 'Mozilla/5.0 (Windows NT 10.0; Win64; x64) AppleWebKit/537.36 (KHTML, like Gecko) Chrome/64.0.3282.119 Safari/537.36',
  'content-type' => 'application/x-www-form-urlencoded; charset=UTF-8',
  'referer' => 'http://127.0.0.1/kind/thinkphp/public/index/shuaige/index.html',
  'accept-encoding' => 'gzip, deflate, br',
  'accept-language' => 'zh-CN,zh;q=0.9',
  'cookie' => 'PHPSESSID=svlsjvdgtais6rnpq7m7it0mgf',
)
[ info ] [ PARAM ] array (
  'name' => 'D:\\web\\htdocs\\kind\\thinkphp\\public/uploads/back/2018-03-03 15;21;33.sql',
)
[ info ] [ DB ] INIT mysql
[ info ] [ SESSION ] INIT array (
  'id' => '',
  'var_session_id' => '',
  'prefix' => 'think',
  'type' => '',
  'auto_start' => true,
)
[ info ] [ RUN ] app\index\controller\shuaige->restore[ D:\web\htdocs\kind\thinkphp\application\index\controller\Shuaige.php ]
[ info ] [ LOG ] INIT File
[ sql ] [ DB ] CONNECT:[ UseTime:0.010901s ] mysql:dbname=kind;host=127.0.0.1;port=3306;charset=utf8
[ sql ] [ SQL ] SHOW COLUMNS FROM `admin` [ RunTime:0.004122s ]
[ sql ] [ SQL ] SELECT * FROM `admin` WHERE  `username` = 'teacher'  AND `password` = '123456' [ RunTime:0.000506s ]

---------------------------------------------------------------
[ 2018-03-03T16:13:32+08:00 ] 127.0.0.1 127.0.0.1 GET /kind/thinkphp/public/index/backup/upstudent
[ log ] 127.0.0.1/kind/thinkphp/public/index/backup/upstudent [运行时间：0.046470s][吞吐率：21.52req/s] [内存消耗：3,058.63kb] [文件加载：55]
[ info ] [ LANG ] D:\web\htdocs\kind\thinkphp\thinkphp\lang\zh-cn.php
[ info ] [ ROUTE ] array (
  'type' => 'module',
  'module' => 
  array (
    0 => 'index',
    1 => 'backup',
    2 => 'upstudent',
  ),
)
[ info ] [ HEADER ] array (
  'host' => '127.0.0.1',
  'connection' => 'keep-alive',
  'accept' => 'application/json, text/javascript, */*; q=0.01',
  'x-requested-with' => 'XMLHttpRequest',
  'user-agent' => 'Mozilla/5.0 (Windows NT 10.0; Win64; x64) AppleWebKit/537.36 (KHTML, like Gecko) Chrome/64.0.3282.119 Safari/537.36',
  'referer' => 'http://127.0.0.1/kind/thinkphp/public/index/backup/index.html',
  'accept-encoding' => 'gzip, deflate, br',
  'accept-language' => 'zh-CN,zh;q=0.9',
  'cookie' => 'PHPSESSID=svlsjvdgtais6rnpq7m7it0mgf',
)
[ info ] [ PARAM ] array (
)
[ info ] [ DB ] INIT mysql
[ info ] [ SESSION ] INIT array (
  'id' => '',
  'var_session_id' => '',
  'prefix' => 'think',
  'type' => '',
  'auto_start' => true,
)
[ info ] [ RUN ] app\index\controller\Backup->upstudent[ D:\web\htdocs\kind\thinkphp\application\index\controller\Backup.php ]
[ info ] [ VIEW ] D:\web\htdocs\kind\thinkphp\public/../application/index\view\backup\upstudent.html [ array (
) ]
[ info ] [ LOG ] INIT File
[ sql ] [ DB ] CONNECT:[ UseTime:0.010769s ] mysql:dbname=kind;host=127.0.0.1;port=3306;charset=utf8
[ sql ] [ SQL ] SHOW COLUMNS FROM `admin` [ RunTime:0.006003s ]
[ sql ] [ SQL ] SELECT * FROM `admin` WHERE  `username` = 'teacher'  AND `password` = '123456' [ RunTime:0.000448s ]

---------------------------------------------------------------
[ 2018-03-03T16:13:33+08:00 ] 127.0.0.1 127.0.0.1 GET /kind/thinkphp/public/index/backup/lookstu
[ log ] 127.0.0.1/kind/thinkphp/public/index/backup/lookstu [运行时间：0.042414s][吞吐率：23.58req/s] [内存消耗：3,069.05kb] [文件加载：56]
[ info ] [ LANG ] D:\web\htdocs\kind\thinkphp\thinkphp\lang\zh-cn.php
[ info ] [ ROUTE ] array (
  'type' => 'module',
  'module' => 
  array (
    0 => 'index',
    1 => 'backup',
    2 => 'lookstu',
  ),
)
[ info ] [ HEADER ] array (
  'host' => '127.0.0.1',
  'connection' => 'keep-alive',
  'accept' => 'application/json, text/javascript, */*; q=0.01',
  'x-requested-with' => 'XMLHttpRequest',
  'user-agent' => 'Mozilla/5.0 (Windows NT 10.0; Win64; x64) AppleWebKit/537.36 (KHTML, like Gecko) Chrome/64.0.3282.119 Safari/537.36',
  'referer' => 'http://127.0.0.1/kind/thinkphp/public/index/backup/index.html',
  'accept-encoding' => 'gzip, deflate, br',
  'accept-language' => 'zh-CN,zh;q=0.9',
  'cookie' => 'PHPSESSID=svlsjvdgtais6rnpq7m7it0mgf',
)
[ info ] [ PARAM ] array (
)
[ info ] [ DB ] INIT mysql
[ info ] [ SESSION ] INIT array (
  'id' => '',
  'var_session_id' => '',
  'prefix' => 'think',
  'type' => '',
  'auto_start' => true,
)
[ info ] [ RUN ] app\index\controller\Backup->lookstu[ D:\web\htdocs\kind\thinkphp\application\index\controller\Backup.php ]
[ info ] [ VIEW ] D:\web\htdocs\kind\thinkphp\public/../application/index\view\backup\lookstu.html [ array (
  0 => 'data',
) ]
[ info ] [ LOG ] INIT File
[ sql ] [ DB ] CONNECT:[ UseTime:0.001020s ] mysql:dbname=kind;host=127.0.0.1;port=3306;charset=utf8
[ sql ] [ SQL ] SHOW COLUMNS FROM `admin` [ RunTime:0.005659s ]
[ sql ] [ SQL ] SELECT * FROM `admin` WHERE  `username` = 'teacher'  AND `password` = '123456' [ RunTime:0.000466s ]
[ sql ] [ SQL ] SHOW COLUMNS FROM `classss` [ RunTime:0.004299s ]
[ sql ] [ SQL ] SELECT * FROM `classss` [ RunTime:0.000326s ]

---------------------------------------------------------------
[ 2018-03-03T16:13:34+08:00 ] 127.0.0.1 127.0.0.1 GET /kind/thinkphp/public/index/backup/upstudent
[ log ] 127.0.0.1/kind/thinkphp/public/index/backup/upstudent [运行时间：0.034807s][吞吐率：28.73req/s] [内存消耗：3,058.63kb] [文件加载：55]
[ info ] [ LANG ] D:\web\htdocs\kind\thinkphp\thinkphp\lang\zh-cn.php
[ info ] [ ROUTE ] array (
  'type' => 'module',
  'module' => 
  array (
    0 => 'index',
    1 => 'backup',
    2 => 'upstudent',
  ),
)
[ info ] [ HEADER ] array (
  'host' => '127.0.0.1',
  'connection' => 'keep-alive',
  'accept' => 'application/json, text/javascript, */*; q=0.01',
  'x-requested-with' => 'XMLHttpRequest',
  'user-agent' => 'Mozilla/5.0 (Windows NT 10.0; Win64; x64) AppleWebKit/537.36 (KHTML, like Gecko) Chrome/64.0.3282.119 Safari/537.36',
  'referer' => 'http://127.0.0.1/kind/thinkphp/public/index/backup/index.html',
  'accept-encoding' => 'gzip, deflate, br',
  'accept-language' => 'zh-CN,zh;q=0.9',
  'cookie' => 'PHPSESSID=svlsjvdgtais6rnpq7m7it0mgf',
)
[ info ] [ PARAM ] array (
)
[ info ] [ DB ] INIT mysql
[ info ] [ SESSION ] INIT array (
  'id' => '',
  'var_session_id' => '',
  'prefix' => 'think',
  'type' => '',
  'auto_start' => true,
)
[ info ] [ RUN ] app\index\controller\Backup->upstudent[ D:\web\htdocs\kind\thinkphp\application\index\controller\Backup.php ]
[ info ] [ VIEW ] D:\web\htdocs\kind\thinkphp\public/../application/index\view\backup\upstudent.html [ array (
) ]
[ info ] [ LOG ] INIT File
[ sql ] [ DB ] CONNECT:[ UseTime:0.001370s ] mysql:dbname=kind;host=127.0.0.1;port=3306;charset=utf8
[ sql ] [ SQL ] SHOW COLUMNS FROM `admin` [ RunTime:0.004443s ]
[ sql ] [ SQL ] SELECT * FROM `admin` WHERE  `username` = 'teacher'  AND `password` = '123456' [ RunTime:0.000320s ]

---------------------------------------------------------------
[ 2018-03-03T16:18:02+08:00 ] 127.0.0.1 127.0.0.1 GET /kind/thinkphp/public/index/backup/lookstu
[ log ] 127.0.0.1/kind/thinkphp/public/index/backup/lookstu [运行时间：0.052155s][吞吐率：19.17req/s] [内存消耗：3,083.70kb] [文件加载：56]
[ info ] [ LANG ] D:\web\htdocs\kind\thinkphp\thinkphp\lang\zh-cn.php
[ info ] [ ROUTE ] array (
  'type' => 'module',
  'module' => 
  array (
    0 => 'index',
    1 => 'backup',
    2 => 'lookstu',
  ),
)
[ info ] [ HEADER ] array (
  'host' => '127.0.0.1',
  'connection' => 'keep-alive',
  'accept' => 'application/json, text/javascript, */*; q=0.01',
  'x-requested-with' => 'XMLHttpRequest',
  'user-agent' => 'Mozilla/5.0 (Windows NT 10.0; Win64; x64) AppleWebKit/537.36 (KHTML, like Gecko) Chrome/64.0.3282.119 Safari/537.36',
  'referer' => 'http://127.0.0.1/kind/thinkphp/public/index/backup/index.html',
  'accept-encoding' => 'gzip, deflate, br',
  'accept-language' => 'zh-CN,zh;q=0.9',
  'cookie' => 'PHPSESSID=svlsjvdgtais6rnpq7m7it0mgf',
)
[ info ] [ PARAM ] array (
)
[ info ] [ DB ] INIT mysql
[ info ] [ SESSION ] INIT array (
  'id' => '',
  'var_session_id' => '',
  'prefix' => 'think',
  'type' => '',
  'auto_start' => true,
)
[ info ] [ RUN ] app\index\controller\Backup->lookstu[ D:\web\htdocs\kind\thinkphp\application\index\controller\Backup.php ]
[ info ] [ LOG ] INIT File
[ sql ] [ DB ] CONNECT:[ UseTime:0.010737s ] mysql:dbname=kind;host=127.0.0.1;port=3306;charset=utf8
[ sql ] [ SQL ] SHOW COLUMNS FROM `admin` [ RunTime:0.005396s ]
[ sql ] [ SQL ] SELECT * FROM `admin` WHERE  `username` = 'teacher'  AND `password` = '123456' [ RunTime:0.000475s ]
[ error ] [0]语法解析错误: syntax error, unexpected 'public' (T_PUBLIC), expecting ',' or ';'[D:\web\htdocs\kind\thinkphp\application\index\model\Classss.php:52]

---------------------------------------------------------------
[ 2018-03-03T16:18:06+08:00 ] 127.0.0.1 127.0.0.1 GET /kind/thinkphp/public/static/assets/css/bootstrap.css.map
[ log ] 127.0.0.1/kind/thinkphp/public/static/assets/css/bootstrap.css.map [运行时间：0.019934s][吞吐率：50.17req/s] [内存消耗：1,299.94kb] [文件加载：40]
[ info ] [ LANG ] D:\web\htdocs\kind\thinkphp\thinkphp\lang\zh-cn.php
[ info ] [ ROUTE ] array (
  'type' => 'module',
  'module' => 
  array (
    0 => 'static',
    1 => 'assets',
    2 => 'css',
  ),
)
[ info ] [ HEADER ] array (
  'host' => '127.0.0.1',
  'connection' => 'keep-alive',
  'user-agent' => 'Mozilla/5.0 (Windows NT 10.0; Win64; x64) AppleWebKit/537.36 (KHTML, like Gecko) Chrome/64.0.3282.119 Safari/537.36',
  'accept-encoding' => 'gzip, deflate, br',
  'accept-language' => 'zh-CN,zh;q=0.9',
  'cookie' => 'PHPSESSID=svlsjvdgtais6rnpq7m7it0mgf',
)
[ info ] [ PARAM ] array (
)
[ info ] [ LOG ] INIT File

---------------------------------------------------------------
[ 2018-03-03T16:18:10+08:00 ] 127.0.0.1 127.0.0.1 GET /kind/thinkphp/public/index/backup/lookstu
[ log ] 127.0.0.1/kind/thinkphp/public/index/backup/lookstu [运行时间：0.045046s][吞吐率：22.20req/s] [内存消耗：3,083.70kb] [文件加载：56]
[ info ] [ LANG ] D:\web\htdocs\kind\thinkphp\thinkphp\lang\zh-cn.php
[ info ] [ ROUTE ] array (
  'type' => 'module',
  'module' => 
  array (
    0 => 'index',
    1 => 'backup',
    2 => 'lookstu',
  ),
)
[ info ] [ HEADER ] array (
  'host' => '127.0.0.1',
  'connection' => 'keep-alive',
  'accept' => 'application/json, text/javascript, */*; q=0.01',
  'x-requested-with' => 'XMLHttpRequest',
  'user-agent' => 'Mozilla/5.0 (Windows NT 10.0; Win64; x64) AppleWebKit/537.36 (KHTML, like Gecko) Chrome/64.0.3282.119 Safari/537.36',
  'referer' => 'http://127.0.0.1/kind/thinkphp/public/index/backup/index.html',
  'accept-encoding' => 'gzip, deflate, br',
  'accept-language' => 'zh-CN,zh;q=0.9',
  'cookie' => 'PHPSESSID=svlsjvdgtais6rnpq7m7it0mgf',
)
[ info ] [ PARAM ] array (
)
[ info ] [ DB ] INIT mysql
[ info ] [ SESSION ] INIT array (
  'id' => '',
  'var_session_id' => '',
  'prefix' => 'think',
  'type' => '',
  'auto_start' => true,
)
[ info ] [ RUN ] app\index\controller\Backup->lookstu[ D:\web\htdocs\kind\thinkphp\application\index\controller\Backup.php ]
[ info ] [ LOG ] INIT File
[ sql ] [ DB ] CONNECT:[ UseTime:0.000902s ] mysql:dbname=kind;host=127.0.0.1;port=3306;charset=utf8
[ sql ] [ SQL ] SHOW COLUMNS FROM `admin` [ RunTime:0.006385s ]
[ sql ] [ SQL ] SELECT * FROM `admin` WHERE  `username` = 'teacher'  AND `password` = '123456' [ RunTime:0.000437s ]
[ error ] [0]语法解析错误: syntax error, unexpected 'public' (T_PUBLIC), expecting ',' or ';'[D:\web\htdocs\kind\thinkphp\application\index\model\Classss.php:52]

---------------------------------------------------------------
[ 2018-03-03T16:22:22+08:00 ] 127.0.0.1 127.0.0.1 GET /kind/thinkphp/public/index/backup/lookstu
[ log ] 127.0.0.1/kind/thinkphp/public/index/backup/lookstu [运行时间：0.057630s][吞吐率：17.35req/s] [内存消耗：3,069.15kb] [文件加载：56]
[ info ] [ LANG ] D:\web\htdocs\kind\thinkphp\thinkphp\lang\zh-cn.php
[ info ] [ ROUTE ] array (
  'type' => 'module',
  'module' => 
  array (
    0 => 'index',
    1 => 'backup',
    2 => 'lookstu',
  ),
)
[ info ] [ HEADER ] array (
  'host' => '127.0.0.1',
  'connection' => 'keep-alive',
  'accept' => 'application/json, text/javascript, */*; q=0.01',
  'x-requested-with' => 'XMLHttpRequest',
  'user-agent' => 'Mozilla/5.0 (Windows NT 10.0; Win64; x64) AppleWebKit/537.36 (KHTML, like Gecko) Chrome/64.0.3282.119 Safari/537.36',
  'referer' => 'http://127.0.0.1/kind/thinkphp/public/index/backup/index.html',
  'accept-encoding' => 'gzip, deflate, br',
  'accept-language' => 'zh-CN,zh;q=0.9',
  'cookie' => 'PHPSESSID=svlsjvdgtais6rnpq7m7it0mgf',
)
[ info ] [ PARAM ] array (
)
[ info ] [ DB ] INIT mysql
[ info ] [ SESSION ] INIT array (
  'id' => '',
  'var_session_id' => '',
  'prefix' => 'think',
  'type' => '',
  'auto_start' => true,
)
[ info ] [ RUN ] app\index\controller\Backup->lookstu[ D:\web\htdocs\kind\thinkphp\application\index\controller\Backup.php ]
[ info ] [ VIEW ] D:\web\htdocs\kind\thinkphp\public/../application/index\view\backup\lookstu.html [ array (
  0 => 'data',
) ]
[ info ] [ LOG ] INIT File
[ sql ] [ DB ] CONNECT:[ UseTime:0.000916s ] mysql:dbname=kind;host=127.0.0.1;port=3306;charset=utf8
[ sql ] [ SQL ] SHOW COLUMNS FROM `admin` [ RunTime:0.004328s ]
[ sql ] [ SQL ] SELECT * FROM `admin` WHERE  `username` = 'teacher'  AND `password` = '123456' [ RunTime:0.000355s ]
[ sql ] [ SQL ] SHOW COLUMNS FROM `classss` [ RunTime:0.003606s ]
[ sql ] [ SQL ] SELECT * FROM `classss` [ RunTime:0.000331s ]

---------------------------------------------------------------
[ 2018-03-03T16:22:23+08:00 ] 127.0.0.1 127.0.0.1 GET /kind/thinkphp/public/index/backup/upstudent
[ log ] 127.0.0.1/kind/thinkphp/public/index/backup/upstudent [运行时间：0.050400s][吞吐率：19.84req/s] [内存消耗：3,058.72kb] [文件加载：55]
[ info ] [ LANG ] D:\web\htdocs\kind\thinkphp\thinkphp\lang\zh-cn.php
[ info ] [ ROUTE ] array (
  'type' => 'module',
  'module' => 
  array (
    0 => 'index',
    1 => 'backup',
    2 => 'upstudent',
  ),
)
[ info ] [ HEADER ] array (
  'host' => '127.0.0.1',
  'connection' => 'keep-alive',
  'accept' => 'application/json, text/javascript, */*; q=0.01',
  'x-requested-with' => 'XMLHttpRequest',
  'user-agent' => 'Mozilla/5.0 (Windows NT 10.0; Win64; x64) AppleWebKit/537.36 (KHTML, like Gecko) Chrome/64.0.3282.119 Safari/537.36',
  'referer' => 'http://127.0.0.1/kind/thinkphp/public/index/backup/index.html',
  'accept-encoding' => 'gzip, deflate, br',
  'accept-language' => 'zh-CN,zh;q=0.9',
  'cookie' => 'PHPSESSID=svlsjvdgtais6rnpq7m7it0mgf',
)
[ info ] [ PARAM ] array (
)
[ info ] [ DB ] INIT mysql
[ info ] [ SESSION ] INIT array (
  'id' => '',
  'var_session_id' => '',
  'prefix' => 'think',
  'type' => '',
  'auto_start' => true,
)
[ info ] [ RUN ] app\index\controller\Backup->upstudent[ D:\web\htdocs\kind\thinkphp\application\index\controller\Backup.php ]
[ info ] [ VIEW ] D:\web\htdocs\kind\thinkphp\public/../application/index\view\backup\upstudent.html [ array (
) ]
[ info ] [ LOG ] INIT File
[ sql ] [ DB ] CONNECT:[ UseTime:0.010765s ] mysql:dbname=kind;host=127.0.0.1;port=3306;charset=utf8
[ sql ] [ SQL ] SHOW COLUMNS FROM `admin` [ RunTime:0.006212s ]
[ sql ] [ SQL ] SELECT * FROM `admin` WHERE  `username` = 'teacher'  AND `password` = '123456' [ RunTime:0.000275s ]

---------------------------------------------------------------
[ 2018-03-03T16:22:31+08:00 ] 127.0.0.1 127.0.0.1 GET /kind/thinkphp/public/static/assets/css/bootstrap.css.map
[ log ] 127.0.0.1/kind/thinkphp/public/static/assets/css/bootstrap.css.map [运行时间：0.020073s][吞吐率：49.82req/s] [内存消耗：1,299.94kb] [文件加载：40]
[ info ] [ LANG ] D:\web\htdocs\kind\thinkphp\thinkphp\lang\zh-cn.php
[ info ] [ ROUTE ] array (
  'type' => 'module',
  'module' => 
  array (
    0 => 'static',
    1 => 'assets',
    2 => 'css',
  ),
)
[ info ] [ HEADER ] array (
  'host' => '127.0.0.1',
  'connection' => 'keep-alive',
  'user-agent' => 'Mozilla/5.0 (Windows NT 10.0; Win64; x64) AppleWebKit/537.36 (KHTML, like Gecko) Chrome/64.0.3282.119 Safari/537.36',
  'accept-encoding' => 'gzip, deflate, br',
  'accept-language' => 'zh-CN,zh;q=0.9',
  'cookie' => 'PHPSESSID=svlsjvdgtais6rnpq7m7it0mgf',
)
[ info ] [ PARAM ] array (
)
[ info ] [ LOG ] INIT File

---------------------------------------------------------------
[ 2018-03-03T16:22:34+08:00 ] 127.0.0.1 127.0.0.1 GET /kind/thinkphp/public/index/backup/lookstu
[ log ] 127.0.0.1/kind/thinkphp/public/index/backup/lookstu [运行时间：0.054530s][吞吐率：18.34req/s] [内存消耗：3,069.15kb] [文件加载：56]
[ info ] [ LANG ] D:\web\htdocs\kind\thinkphp\thinkphp\lang\zh-cn.php
[ info ] [ ROUTE ] array (
  'type' => 'module',
  'module' => 
  array (
    0 => 'index',
    1 => 'backup',
    2 => 'lookstu',
  ),
)
[ info ] [ HEADER ] array (
  'host' => '127.0.0.1',
  'connection' => 'keep-alive',
  'accept' => 'application/json, text/javascript, */*; q=0.01',
  'x-requested-with' => 'XMLHttpRequest',
  'user-agent' => 'Mozilla/5.0 (Windows NT 10.0; Win64; x64) AppleWebKit/537.36 (KHTML, like Gecko) Chrome/64.0.3282.119 Safari/537.36',
  'referer' => 'http://127.0.0.1/kind/thinkphp/public/index/backup/index.html',
  'accept-encoding' => 'gzip, deflate, br',
  'accept-language' => 'zh-CN,zh;q=0.9',
  'cookie' => 'PHPSESSID=svlsjvdgtais6rnpq7m7it0mgf',
)
[ info ] [ PARAM ] array (
)
[ info ] [ DB ] INIT mysql
[ info ] [ SESSION ] INIT array (
  'id' => '',
  'var_session_id' => '',
  'prefix' => 'think',
  'type' => '',
  'auto_start' => true,
)
[ info ] [ RUN ] app\index\controller\Backup->lookstu[ D:\web\htdocs\kind\thinkphp\application\index\controller\Backup.php ]
[ info ] [ VIEW ] D:\web\htdocs\kind\thinkphp\public/../application/index\view\backup\lookstu.html [ array (
  0 => 'data',
) ]
[ info ] [ LOG ] INIT File
[ sql ] [ DB ] CONNECT:[ UseTime:0.010773s ] mysql:dbname=kind;host=127.0.0.1;port=3306;charset=utf8
[ sql ] [ SQL ] SHOW COLUMNS FROM `admin` [ RunTime:0.005925s ]
[ sql ] [ SQL ] SELECT * FROM `admin` WHERE  `username` = 'teacher'  AND `password` = '123456' [ RunTime:0.000396s ]
[ sql ] [ SQL ] SHOW COLUMNS FROM `classss` [ RunTime:0.003533s ]
[ sql ] [ SQL ] SELECT * FROM `classss` [ RunTime:0.000183s ]

---------------------------------------------------------------
[ 2018-03-03T16:28:18+08:00 ] 127.0.0.1 127.0.0.1 GET /kind/thinkphp/public/index/backup/upstudent
[ log ] 127.0.0.1/kind/thinkphp/public/index/backup/upstudent [运行时间：0.050070s][吞吐率：19.97req/s] [内存消耗：3,058.72kb] [文件加载：55]
[ info ] [ LANG ] D:\web\htdocs\kind\thinkphp\thinkphp\lang\zh-cn.php
[ info ] [ ROUTE ] array (
  'type' => 'module',
  'module' => 
  array (
    0 => 'index',
    1 => 'backup',
    2 => 'upstudent',
  ),
)
[ info ] [ HEADER ] array (
  'host' => '127.0.0.1',
  'connection' => 'keep-alive',
  'accept' => 'application/json, text/javascript, */*; q=0.01',
  'x-requested-with' => 'XMLHttpRequest',
  'user-agent' => 'Mozilla/5.0 (Windows NT 10.0; Win64; x64) AppleWebKit/537.36 (KHTML, like Gecko) Chrome/64.0.3282.119 Safari/537.36',
  'referer' => 'http://127.0.0.1/kind/thinkphp/public/index/backup/index.html',
  'accept-encoding' => 'gzip, deflate, br',
  'accept-language' => 'zh-CN,zh;q=0.9',
  'cookie' => 'PHPSESSID=svlsjvdgtais6rnpq7m7it0mgf',
)
[ info ] [ PARAM ] array (
)
[ info ] [ DB ] INIT mysql
[ info ] [ SESSION ] INIT array (
  'id' => '',
  'var_session_id' => '',
  'prefix' => 'think',
  'type' => '',
  'auto_start' => true,
)
[ info ] [ RUN ] app\index\controller\Backup->upstudent[ D:\web\htdocs\kind\thinkphp\application\index\controller\Backup.php ]
[ info ] [ VIEW ] D:\web\htdocs\kind\thinkphp\public/../application/index\view\backup\upstudent.html [ array (
) ]
[ info ] [ LOG ] INIT File
[ sql ] [ DB ] CONNECT:[ UseTime:0.001021s ] mysql:dbname=kind;host=127.0.0.1;port=3306;charset=utf8
[ sql ] [ SQL ] SHOW COLUMNS FROM `admin` [ RunTime:0.006760s ]
[ sql ] [ SQL ] SELECT * FROM `admin` WHERE  `username` = 'teacher'  AND `password` = '123456' [ RunTime:0.000478s ]

---------------------------------------------------------------
[ 2018-03-03T16:28:19+08:00 ] 127.0.0.1 127.0.0.1 GET /kind/thinkphp/public/index/backup/lookstu
[ log ] 127.0.0.1/kind/thinkphp/public/index/backup/lookstu [运行时间：0.061025s][吞吐率：16.39req/s] [内存消耗：3,069.15kb] [文件加载：56]
[ info ] [ LANG ] D:\web\htdocs\kind\thinkphp\thinkphp\lang\zh-cn.php
[ info ] [ ROUTE ] array (
  'type' => 'module',
  'module' => 
  array (
    0 => 'index',
    1 => 'backup',
    2 => 'lookstu',
  ),
)
[ info ] [ HEADER ] array (
  'host' => '127.0.0.1',
  'connection' => 'keep-alive',
  'accept' => 'application/json, text/javascript, */*; q=0.01',
  'x-requested-with' => 'XMLHttpRequest',
  'user-agent' => 'Mozilla/5.0 (Windows NT 10.0; Win64; x64) AppleWebKit/537.36 (KHTML, like Gecko) Chrome/64.0.3282.119 Safari/537.36',
  'referer' => 'http://127.0.0.1/kind/thinkphp/public/index/backup/index.html',
  'accept-encoding' => 'gzip, deflate, br',
  'accept-language' => 'zh-CN,zh;q=0.9',
  'cookie' => 'PHPSESSID=svlsjvdgtais6rnpq7m7it0mgf',
)
[ info ] [ PARAM ] array (
)
[ info ] [ DB ] INIT mysql
[ info ] [ SESSION ] INIT array (
  'id' => '',
  'var_session_id' => '',
  'prefix' => 'think',
  'type' => '',
  'auto_start' => true,
)
[ info ] [ RUN ] app\index\controller\Backup->lookstu[ D:\web\htdocs\kind\thinkphp\application\index\controller\Backup.php ]
[ info ] [ VIEW ] D:\web\htdocs\kind\thinkphp\public/../application/index\view\backup\lookstu.html [ array (
  0 => 'data',
) ]
[ info ] [ LOG ] INIT File
[ sql ] [ DB ] CONNECT:[ UseTime:0.010425s ] mysql:dbname=kind;host=127.0.0.1;port=3306;charset=utf8
[ sql ] [ SQL ] SHOW COLUMNS FROM `admin` [ RunTime:0.006664s ]
[ sql ] [ SQL ] SELECT * FROM `admin` WHERE  `username` = 'teacher'  AND `password` = '123456' [ RunTime:0.000487s ]
[ sql ] [ SQL ] SHOW COLUMNS FROM `classss` [ RunTime:0.004270s ]
[ sql ] [ SQL ] SELECT * FROM `classss` [ RunTime:0.000334s ]

---------------------------------------------------------------
[ 2018-03-03T16:29:04+08:00 ] 127.0.0.1 127.0.0.1 GET /kind/thinkphp/public/index/backup/index.html
[ log ] 127.0.0.1/kind/thinkphp/public/index/backup/index.html [运行时间：0.055489s][吞吐率：18.02req/s] [内存消耗：3,114.05kb] [文件加载：56]
[ info ] [ LANG ] D:\web\htdocs\kind\thinkphp\thinkphp\lang\zh-cn.php
[ info ] [ ROUTE ] array (
  'type' => 'module',
  'module' => 
  array (
    0 => 'index',
    1 => 'backup',
    2 => 'index',
  ),
)
[ info ] [ HEADER ] array (
  'host' => '127.0.0.1',
  'connection' => 'keep-alive',
  'cache-control' => 'max-age=0',
  'upgrade-insecure-requests' => '1',
  'user-agent' => 'Mozilla/5.0 (Windows NT 10.0; Win64; x64) AppleWebKit/537.36 (KHTML, like Gecko) Chrome/64.0.3282.119 Safari/537.36',
  'accept' => 'text/html,application/xhtml+xml,application/xml;q=0.9,image/webp,image/apng,*/*;q=0.8',
  'accept-encoding' => 'gzip, deflate, br',
  'accept-language' => 'zh-CN,zh;q=0.9',
  'cookie' => 'PHPSESSID=svlsjvdgtais6rnpq7m7it0mgf',
)
[ info ] [ PARAM ] array (
)
[ info ] [ DB ] INIT mysql
[ info ] [ SESSION ] INIT array (
  'id' => '',
  'var_session_id' => '',
  'prefix' => 'think',
  'type' => '',
  'auto_start' => true,
)
[ info ] [ RUN ] app\index\controller\Backup->index[ D:\web\htdocs\kind\thinkphp\application\index\controller\Backup.php ]
[ info ] [ VIEW ] D:\web\htdocs\kind\thinkphp\public/../application/index\view\backup\index.html [ array (
) ]
[ info ] [ LOG ] INIT File
[ sql ] [ DB ] CONNECT:[ UseTime:0.010450s ] mysql:dbname=kind;host=127.0.0.1;port=3306;charset=utf8
[ sql ] [ SQL ] SHOW COLUMNS FROM `admin` [ RunTime:0.004589s ]
[ sql ] [ SQL ] SELECT * FROM `admin` WHERE  `username` = 'teacher'  AND `password` = '123456' [ RunTime:0.000419s ]

---------------------------------------------------------------
[ 2018-03-03T16:29:04+08:00 ] 127.0.0.1 127.0.0.1 GET /kind/thinkphp/public/static/assets/css/bootstrap.css.map
[ log ] 127.0.0.1/kind/thinkphp/public/static/assets/css/bootstrap.css.map [运行时间：0.027455s][吞吐率：36.42req/s] [内存消耗：1,299.94kb] [文件加载：40]
[ info ] [ LANG ] D:\web\htdocs\kind\thinkphp\thinkphp\lang\zh-cn.php
[ info ] [ ROUTE ] array (
  'type' => 'module',
  'module' => 
  array (
    0 => 'static',
    1 => 'assets',
    2 => 'css',
  ),
)
[ info ] [ HEADER ] array (
  'host' => '127.0.0.1',
  'connection' => 'keep-alive',
  'user-agent' => 'Mozilla/5.0 (Windows NT 10.0; Win64; x64) AppleWebKit/537.36 (KHTML, like Gecko) Chrome/64.0.3282.119 Safari/537.36',
  'accept-encoding' => 'gzip, deflate, br',
  'accept-language' => 'zh-CN,zh;q=0.9',
  'cookie' => 'PHPSESSID=svlsjvdgtais6rnpq7m7it0mgf',
)
[ info ] [ PARAM ] array (
)
[ info ] [ LOG ] INIT File

---------------------------------------------------------------
[ 2018-03-03T16:29:06+08:00 ] 127.0.0.1 127.0.0.1 GET /kind/thinkphp/public/index/backup/upstudent
[ log ] 127.0.0.1/kind/thinkphp/public/index/backup/upstudent [运行时间：0.062014s][吞吐率：16.13req/s] [内存消耗：3,058.72kb] [文件加载：55]
[ info ] [ LANG ] D:\web\htdocs\kind\thinkphp\thinkphp\lang\zh-cn.php
[ info ] [ ROUTE ] array (
  'type' => 'module',
  'module' => 
  array (
    0 => 'index',
    1 => 'backup',
    2 => 'upstudent',
  ),
)
[ info ] [ HEADER ] array (
  'host' => '127.0.0.1',
  'connection' => 'keep-alive',
  'accept' => 'application/json, text/javascript, */*; q=0.01',
  'x-requested-with' => 'XMLHttpRequest',
  'user-agent' => 'Mozilla/5.0 (Windows NT 10.0; Win64; x64) AppleWebKit/537.36 (KHTML, like Gecko) Chrome/64.0.3282.119 Safari/537.36',
  'referer' => 'http://127.0.0.1/kind/thinkphp/public/index/backup/index.html',
  'accept-encoding' => 'gzip, deflate, br',
  'accept-language' => 'zh-CN,zh;q=0.9',
  'cookie' => 'PHPSESSID=svlsjvdgtais6rnpq7m7it0mgf',
)
[ info ] [ PARAM ] array (
)
[ info ] [ DB ] INIT mysql
[ info ] [ SESSION ] INIT array (
  'id' => '',
  'var_session_id' => '',
  'prefix' => 'think',
  'type' => '',
  'auto_start' => true,
)
[ info ] [ RUN ] app\index\controller\Backup->upstudent[ D:\web\htdocs\kind\thinkphp\application\index\controller\Backup.php ]
[ info ] [ VIEW ] D:\web\htdocs\kind\thinkphp\public/../application/index\view\backup\upstudent.html [ array (
) ]
[ info ] [ LOG ] INIT File
[ sql ] [ DB ] CONNECT:[ UseTime:0.010726s ] mysql:dbname=kind;host=127.0.0.1;port=3306;charset=utf8
[ sql ] [ SQL ] SHOW COLUMNS FROM `admin` [ RunTime:0.004874s ]
[ sql ] [ SQL ] SELECT * FROM `admin` WHERE  `username` = 'teacher'  AND `password` = '123456' [ RunTime:0.000421s ]

---------------------------------------------------------------
[ 2018-03-03T16:29:08+08:00 ] 127.0.0.1 127.0.0.1 GET /kind/thinkphp/public/index/backup/lookstu
[ log ] 127.0.0.1/kind/thinkphp/public/index/backup/lookstu [运行时间：0.048925s][吞吐率：20.44req/s] [内存消耗：3,069.15kb] [文件加载：56]
[ info ] [ LANG ] D:\web\htdocs\kind\thinkphp\thinkphp\lang\zh-cn.php
[ info ] [ ROUTE ] array (
  'type' => 'module',
  'module' => 
  array (
    0 => 'index',
    1 => 'backup',
    2 => 'lookstu',
  ),
)
[ info ] [ HEADER ] array (
  'host' => '127.0.0.1',
  'connection' => 'keep-alive',
  'accept' => 'application/json, text/javascript, */*; q=0.01',
  'x-requested-with' => 'XMLHttpRequest',
  'user-agent' => 'Mozilla/5.0 (Windows NT 10.0; Win64; x64) AppleWebKit/537.36 (KHTML, like Gecko) Chrome/64.0.3282.119 Safari/537.36',
  'referer' => 'http://127.0.0.1/kind/thinkphp/public/index/backup/index.html',
  'accept-encoding' => 'gzip, deflate, br',
  'accept-language' => 'zh-CN,zh;q=0.9',
  'cookie' => 'PHPSESSID=svlsjvdgtais6rnpq7m7it0mgf',
)
[ info ] [ PARAM ] array (
)
[ info ] [ DB ] INIT mysql
[ info ] [ SESSION ] INIT array (
  'id' => '',
  'var_session_id' => '',
  'prefix' => 'think',
  'type' => '',
  'auto_start' => true,
)
[ info ] [ RUN ] app\index\controller\Backup->lookstu[ D:\web\htdocs\kind\thinkphp\application\index\controller\Backup.php ]
[ info ] [ VIEW ] D:\web\htdocs\kind\thinkphp\public/../application/index\view\backup\lookstu.html [ array (
  0 => 'data',
) ]
[ info ] [ LOG ] INIT File
[ sql ] [ DB ] CONNECT:[ UseTime:0.000886s ] mysql:dbname=kind;host=127.0.0.1;port=3306;charset=utf8
[ sql ] [ SQL ] SHOW COLUMNS FROM `admin` [ RunTime:0.004492s ]
[ sql ] [ SQL ] SELECT * FROM `admin` WHERE  `username` = 'teacher'  AND `password` = '123456' [ RunTime:0.000517s ]
[ sql ] [ SQL ] SHOW COLUMNS FROM `classss` [ RunTime:0.004661s ]
[ sql ] [ SQL ] SELECT * FROM `classss` [ RunTime:0.000429s ]

---------------------------------------------------------------
[ 2018-03-03T16:29:09+08:00 ] 127.0.0.1 127.0.0.1 GET /kind/thinkphp/public/index/backup/upstudent
[ log ] 127.0.0.1/kind/thinkphp/public/index/backup/upstudent [运行时间：0.051253s][吞吐率：19.51req/s] [内存消耗：3,058.72kb] [文件加载：55]
[ info ] [ LANG ] D:\web\htdocs\kind\thinkphp\thinkphp\lang\zh-cn.php
[ info ] [ ROUTE ] array (
  'type' => 'module',
  'module' => 
  array (
    0 => 'index',
    1 => 'backup',
    2 => 'upstudent',
  ),
)
[ info ] [ HEADER ] array (
  'host' => '127.0.0.1',
  'connection' => 'keep-alive',
  'accept' => 'application/json, text/javascript, */*; q=0.01',
  'x-requested-with' => 'XMLHttpRequest',
  'user-agent' => 'Mozilla/5.0 (Windows NT 10.0; Win64; x64) AppleWebKit/537.36 (KHTML, like Gecko) Chrome/64.0.3282.119 Safari/537.36',
  'referer' => 'http://127.0.0.1/kind/thinkphp/public/index/backup/index.html',
  'accept-encoding' => 'gzip, deflate, br',
  'accept-language' => 'zh-CN,zh;q=0.9',
  'cookie' => 'PHPSESSID=svlsjvdgtais6rnpq7m7it0mgf',
)
[ info ] [ PARAM ] array (
)
[ info ] [ DB ] INIT mysql
[ info ] [ SESSION ] INIT array (
  'id' => '',
  'var_session_id' => '',
  'prefix' => 'think',
  'type' => '',
  'auto_start' => true,
)
[ info ] [ RUN ] app\index\controller\Backup->upstudent[ D:\web\htdocs\kind\thinkphp\application\index\controller\Backup.php ]
[ info ] [ VIEW ] D:\web\htdocs\kind\thinkphp\public/../application/index\view\backup\upstudent.html [ array (
) ]
[ info ] [ LOG ] INIT File
[ sql ] [ DB ] CONNECT:[ UseTime:0.010580s ] mysql:dbname=kind;host=127.0.0.1;port=3306;charset=utf8
[ sql ] [ SQL ] SHOW COLUMNS FROM `admin` [ RunTime:0.004458s ]
[ sql ] [ SQL ] SELECT * FROM `admin` WHERE  `username` = 'teacher'  AND `password` = '123456' [ RunTime:0.000451s ]

---------------------------------------------------------------
[ 2018-03-03T16:29:26+08:00 ] 127.0.0.1 127.0.0.1 GET /kind/thinkphp/public/index/backup/lookstu
[ log ] 127.0.0.1/kind/thinkphp/public/index/backup/lookstu [运行时间：0.054359s][吞吐率：18.40req/s] [内存消耗：3,069.15kb] [文件加载：56]
[ info ] [ LANG ] D:\web\htdocs\kind\thinkphp\thinkphp\lang\zh-cn.php
[ info ] [ ROUTE ] array (
  'type' => 'module',
  'module' => 
  array (
    0 => 'index',
    1 => 'backup',
    2 => 'lookstu',
  ),
)
[ info ] [ HEADER ] array (
  'host' => '127.0.0.1',
  'connection' => 'keep-alive',
  'accept' => 'application/json, text/javascript, */*; q=0.01',
  'x-requested-with' => 'XMLHttpRequest',
  'user-agent' => 'Mozilla/5.0 (Windows NT 10.0; Win64; x64) AppleWebKit/537.36 (KHTML, like Gecko) Chrome/64.0.3282.119 Safari/537.36',
  'referer' => 'http://127.0.0.1/kind/thinkphp/public/index/backup/index.html',
  'accept-encoding' => 'gzip, deflate, br',
  'accept-language' => 'zh-CN,zh;q=0.9',
  'cookie' => 'PHPSESSID=svlsjvdgtais6rnpq7m7it0mgf',
)
[ info ] [ PARAM ] array (
)
[ info ] [ DB ] INIT mysql
[ info ] [ SESSION ] INIT array (
  'id' => '',
  'var_session_id' => '',
  'prefix' => 'think',
  'type' => '',
  'auto_start' => true,
)
[ info ] [ RUN ] app\index\controller\Backup->lookstu[ D:\web\htdocs\kind\thinkphp\application\index\controller\Backup.php ]
[ info ] [ VIEW ] D:\web\htdocs\kind\thinkphp\public/../application/index\view\backup\lookstu.html [ array (
  0 => 'data',
) ]
[ info ] [ LOG ] INIT File
[ sql ] [ DB ] CONNECT:[ UseTime:0.010606s ] mysql:dbname=kind;host=127.0.0.1;port=3306;charset=utf8
[ sql ] [ SQL ] SHOW COLUMNS FROM `admin` [ RunTime:0.004271s ]
[ sql ] [ SQL ] SELECT * FROM `admin` WHERE  `username` = 'teacher'  AND `password` = '123456' [ RunTime:0.000438s ]
[ sql ] [ SQL ] SHOW COLUMNS FROM `classss` [ RunTime:0.004038s ]
[ sql ] [ SQL ] SELECT * FROM `classss` [ RunTime:0.000410s ]

---------------------------------------------------------------
[ 2018-03-03T16:31:53+08:00 ] 127.0.0.1 127.0.0.1 GET /kind/thinkphp/public/index/backup/index.html
[ log ] 127.0.0.1/kind/thinkphp/public/index/backup/index.html [运行时间：0.059001s][吞吐率：16.95req/s] [内存消耗：3,114.18kb] [文件加载：56]
[ info ] [ LANG ] D:\web\htdocs\kind\thinkphp\thinkphp\lang\zh-cn.php
[ info ] [ ROUTE ] array (
  'type' => 'module',
  'module' => 
  array (
    0 => 'index',
    1 => 'backup',
    2 => 'index',
  ),
)
[ info ] [ HEADER ] array (
  'host' => '127.0.0.1',
  'connection' => 'keep-alive',
  'cache-control' => 'max-age=0',
  'upgrade-insecure-requests' => '1',
  'user-agent' => 'Mozilla/5.0 (Windows NT 10.0; Win64; x64) AppleWebKit/537.36 (KHTML, like Gecko) Chrome/64.0.3282.119 Safari/537.36',
  'accept' => 'text/html,application/xhtml+xml,application/xml;q=0.9,image/webp,image/apng,*/*;q=0.8',
  'accept-encoding' => 'gzip, deflate, br',
  'accept-language' => 'zh-CN,zh;q=0.9',
  'cookie' => 'PHPSESSID=svlsjvdgtais6rnpq7m7it0mgf',
)
[ info ] [ PARAM ] array (
)
[ info ] [ DB ] INIT mysql
[ info ] [ SESSION ] INIT array (
  'id' => '',
  'var_session_id' => '',
  'prefix' => 'think',
  'type' => '',
  'auto_start' => true,
)
[ info ] [ RUN ] app\index\controller\Backup->index[ D:\web\htdocs\kind\thinkphp\application\index\controller\Backup.php ]
[ info ] [ VIEW ] D:\web\htdocs\kind\thinkphp\public/../application/index\view\backup\index.html [ array (
) ]
[ info ] [ LOG ] INIT File
[ sql ] [ DB ] CONNECT:[ UseTime:0.010633s ] mysql:dbname=kind;host=127.0.0.1;port=3306;charset=utf8
[ sql ] [ SQL ] SHOW COLUMNS FROM `admin` [ RunTime:0.003750s ]
[ sql ] [ SQL ] SELECT * FROM `admin` WHERE  `username` = 'teacher'  AND `password` = '123456' [ RunTime:0.000380s ]

---------------------------------------------------------------
[ 2018-03-03T16:31:53+08:00 ] 127.0.0.1 127.0.0.1 GET /kind/thinkphp/public/static/assets/css/bootstrap.css.map
[ log ] 127.0.0.1/kind/thinkphp/public/static/assets/css/bootstrap.css.map [运行时间：0.018558s][吞吐率：53.89req/s] [内存消耗：1,299.94kb] [文件加载：40]
[ info ] [ LANG ] D:\web\htdocs\kind\thinkphp\thinkphp\lang\zh-cn.php
[ info ] [ ROUTE ] array (
  'type' => 'module',
  'module' => 
  array (
    0 => 'static',
    1 => 'assets',
    2 => 'css',
  ),
)
[ info ] [ HEADER ] array (
  'host' => '127.0.0.1',
  'connection' => 'keep-alive',
  'user-agent' => 'Mozilla/5.0 (Windows NT 10.0; Win64; x64) AppleWebKit/537.36 (KHTML, like Gecko) Chrome/64.0.3282.119 Safari/537.36',
  'accept-encoding' => 'gzip, deflate, br',
  'accept-language' => 'zh-CN,zh;q=0.9',
  'cookie' => 'PHPSESSID=svlsjvdgtais6rnpq7m7it0mgf',
)
[ info ] [ PARAM ] array (
)
[ info ] [ LOG ] INIT File

---------------------------------------------------------------
[ 2018-03-03T16:31:54+08:00 ] 127.0.0.1 127.0.0.1 GET /kind/thinkphp/public/index/backup/lookstu
[ log ] 127.0.0.1/kind/thinkphp/public/index/backup/lookstu [运行时间：0.047311s][吞吐率：21.14req/s] [内存消耗：3,080.40kb] [文件加载：56]
[ info ] [ LANG ] D:\web\htdocs\kind\thinkphp\thinkphp\lang\zh-cn.php
[ info ] [ ROUTE ] array (
  'type' => 'module',
  'module' => 
  array (
    0 => 'index',
    1 => 'backup',
    2 => 'lookstu',
  ),
)
[ info ] [ HEADER ] array (
  'host' => '127.0.0.1',
  'connection' => 'keep-alive',
  'accept' => 'application/json, text/javascript, */*; q=0.01',
  'x-requested-with' => 'XMLHttpRequest',
  'user-agent' => 'Mozilla/5.0 (Windows NT 10.0; Win64; x64) AppleWebKit/537.36 (KHTML, like Gecko) Chrome/64.0.3282.119 Safari/537.36',
  'referer' => 'http://127.0.0.1/kind/thinkphp/public/index/backup/index.html',
  'accept-encoding' => 'gzip, deflate, br',
  'accept-language' => 'zh-CN,zh;q=0.9',
  'cookie' => 'PHPSESSID=svlsjvdgtais6rnpq7m7it0mgf',
)
[ info ] [ PARAM ] array (
)
[ info ] [ DB ] INIT mysql
[ info ] [ SESSION ] INIT array (
  'id' => '',
  'var_session_id' => '',
  'prefix' => 'think',
  'type' => '',
  'auto_start' => true,
)
[ info ] [ RUN ] app\index\controller\Backup->lookstu[ D:\web\htdocs\kind\thinkphp\application\index\controller\Backup.php ]
[ info ] [ LOG ] INIT File
[ sql ] [ DB ] CONNECT:[ UseTime:0.010825s ] mysql:dbname=kind;host=127.0.0.1;port=3306;charset=utf8
[ sql ] [ SQL ] SHOW COLUMNS FROM `admin` [ RunTime:0.003701s ]
[ sql ] [ SQL ] SELECT * FROM `admin` WHERE  `username` = 'teacher'  AND `password` = '123456' [ RunTime:0.000347s ]
[ error ] [0]类不存在:app\common\model\ClassssBackup[D:\web\htdocs\kind\thinkphp\thinkphp\library\think\Loader.php:389]

---------------------------------------------------------------
